A: 0000000c	B: 00000000	PC: 00000000	SP: 00000000
A: 00000000	B: 00000000	PC: 00000001	SP: 00000000
A: 00000009	B: 00000000	PC: 00000002	SP: 00000000
A: 00000000	B: 00000000	PC: 00000003	SP: 00000000
A: 0000001e	B: 00000000	PC: 00000004	SP: 00000000
A: 00000000	B: 00000000	PC: 00000005	SP: 00000000
A: 00000019	B: 00000000	PC: 00000006	SP: 00000000
A: 00000000	B: 00000000	PC: 00000007	SP: 00000000
A: 00000001	B: 00000000	PC: 00000008	SP: 00000000
A: 00000000	B: 00000000	PC: 00000009	SP: 00000000
A: 00000005	B: 00000000	PC: 0000000a	SP: 00000000
A: 00000000	B: 00000000	PC: 0000000b	SP: 00000000
A: 000000fc	B: 00000000	PC: 0000000c	SP: 00000000
A: 00000000	B: 00000000	PC: 0000000d	SP: 00000000
A: 00000001	B: 00000000	PC: 0000000e	SP: 00000000
A: 00000005	B: 00000001	PC: 0000000f	SP: 00000000
A: fffffffc	B: 00000001	PC: 00000010	SP: 00000000
A: fffffffc	B: 00000001	PC: 00000011	SP: 00000000
A: 00000001	B: fffffffc	PC: 00000012	SP: 00000000
A: 0000000c	B: fffffffc	PC: 00000013	SP: 00000000
A: 000000fc	B: 0000000c	PC: 00000014	SP: 00000000
A: ffffff10	B: 0000000c	PC: 00000015	SP: 00000000
A: ffffff10	B: 0000000c	PC: 00000016	SP: 00000000
A: 00000001	B: ffffff10	PC: 00000017	SP: 00000000
A: 00000001	B: 00000001	PC: 00000018	SP: 00000000
A: 00000002	B: 00000001	PC: 00000019	SP: 00000000
A: 00000001	B: 00000001	PC: 0000001a	SP: 00000000
A: 00000001	B: 00000001	PC: 0000000d	SP: 00000000
A: 00000002	B: 00000001	PC: 0000000e	SP: 00000000
A: 00000005	B: 00000002	PC: 0000000f	SP: 00000000
A: fffffffd	B: 00000002	PC: 00000010	SP: 00000000
A: fffffffd	B: 00000002	PC: 00000011	SP: 00000000
A: 00000002	B: fffffffd	PC: 00000012	SP: 00000000
A: 00000009	B: fffffffd	PC: 00000013	SP: 00000000
A: 000000fc	B: 00000009	PC: 00000014	SP: 00000000
A: ffffff0d	B: 00000009	PC: 00000015	SP: 00000000
A: ffffff0d	B: 00000009	PC: 00000016	SP: 00000000
A: 00000002	B: ffffff0d	PC: 00000017	SP: 00000000
A: 00000001	B: 00000002	PC: 00000018	SP: 00000000
A: 00000003	B: 00000002	PC: 00000019	SP: 00000000
A: 00000002	B: 00000002	PC: 0000001a	SP: 00000000
A: 00000002	B: 00000002	PC: 0000000d	SP: 00000000
A: 00000003	B: 00000002	PC: 0000000e	SP: 00000000
A: 00000005	B: 00000003	PC: 0000000f	SP: 00000000
A: fffffffe	B: 00000003	PC: 00000010	SP: 00000000
A: fffffffe	B: 00000003	PC: 00000011	SP: 00000000
A: 00000003	B: fffffffe	PC: 00000012	SP: 00000000
A: 0000001e	B: fffffffe	PC: 00000013	SP: 00000000
A: 000000fc	B: 0000001e	PC: 00000014	SP: 00000000
A: ffffff22	B: 0000001e	PC: 00000015	SP: 00000000
A: ffffff22	B: 0000001e	PC: 00000016	SP: 00000000
A: 00000003	B: ffffff22	PC: 00000017	SP: 00000000
A: 00000001	B: 00000003	PC: 00000018	SP: 00000000
A: 00000004	B: 00000003	PC: 00000019	SP: 00000000
A: 00000003	B: 00000003	PC: 0000001a	SP: 00000000
A: 00000003	B: 00000003	PC: 0000000d	SP: 00000000
A: 00000004	B: 00000003	PC: 0000000e	SP: 00000000
A: 00000005	B: 00000004	PC: 0000000f	SP: 00000000
A: ffffffff	B: 00000004	PC: 00000010	SP: 00000000
A: ffffffff	B: 00000004	PC: 00000011	SP: 00000000
A: 00000004	B: ffffffff	PC: 00000012	SP: 00000000
A: 00000019	B: ffffffff	PC: 00000013	SP: 00000000
A: 000000fc	B: 00000019	PC: 00000014	SP: 00000000
A: ffffff1d	B: 00000019	PC: 00000015	SP: 00000000
A: ffffff1d	B: 00000019	PC: 00000016	SP: 00000000
A: 00000004	B: ffffff1d	PC: 00000017	SP: 00000000
A: 00000001	B: 00000004	PC: 00000018	SP: 00000000
A: 00000005	B: 00000004	PC: 00000019	SP: 00000000
A: 00000004	B: 00000004	PC: 0000001a	SP: 00000000
A: 00000004	B: 00000004	PC: 0000000d	SP: 00000000
A: 00000005	B: 00000004	PC: 0000000e	SP: 00000000
A: 00000005	B: 00000005	PC: 0000000f	SP: 00000000
A: 00000000	B: 00000005	PC: 00000010	SP: 00000000
A: 00000000	B: 00000005	PC: 00000011	SP: 00000000
A: 00000005	B: 00000000	PC: 00000012	SP: 00000000
A: 00000000	B: 00000000	PC: 00000013	SP: 00000000
A: 000000fc	B: 00000000	PC: 00000014	SP: 00000000
A: ffffff04	B: 00000000	PC: 00000015	SP: 00000000
A: ffffff04	B: 00000000	PC: 00000016	SP: 00000000
A: 00000005	B: ffffff04	PC: 00000017	SP: 00000000
A: 00000001	B: 00000005	PC: 00000018	SP: 00000000
A: 00000006	B: 00000005	PC: 00000019	SP: 00000000
A: 00000005	B: 00000005	PC: 0000001a	SP: 00000000
A: 00000005	B: 00000005	PC: 0000000d	SP: 00000000
A: 00000006	B: 00000005	PC: 0000000e	SP: 00000000
A: 00000005	B: 00000006	PC: 0000000f	SP: 00000000
A: 00000001	B: 00000006	PC: 00000010	SP: 00000000
A: 00000001	B: 00000006	PC: 00000011	SP: 00000000
A: 00000006	B: 00000001	PC: 00000012	SP: 00000000
A: 00000006	B: 00000001	PC: 00000013	SP: 00000000
A: 000000fc	B: 00000006	PC: 00000014	SP: 00000000
A: ffffff0a	B: 00000006	PC: 00000015	SP: 00000000
A: ffffff0a	B: 00000006	PC: 00000016	SP: 00000000
A: 00000006	B: ffffff0a	PC: 00000017	SP: 00000000
A: 00000001	B: 00000006	PC: 00000018	SP: 00000000
A: 00000007	B: 00000006	PC: 00000019	SP: 00000000
A: 00000006	B: 00000006	PC: 0000001a	SP: 00000000
A: 00000006	B: 00000006	PC: 0000000d	SP: 00000000
A: 00000007	B: 00000006	PC: 0000000e	SP: 00000000
A: 00000005	B: 00000007	PC: 0000000f	SP: 00000000
A: 00000002	B: 00000007	PC: 00000010	SP: 00000000
A: 00000002	B: 00000007	PC: 00000011	SP: 00000000
A: 00000007	B: 00000002	PC: 00000012	SP: 00000000
A: 00000000	B: 00000002	PC: 00000013	SP: 00000000
A: 000000fc	B: 00000000	PC: 00000014	SP: 00000000
A: ffffff04	B: 00000000	PC: 00000015	SP: 00000000
A: ffffff04	B: 00000000	PC: 00000016	SP: 00000000
A: 00000007	B: ffffff04	PC: 00000017	SP: 00000000
A: 00000001	B: 00000007	PC: 00000018	SP: 00000000
A: 00000008	B: 00000007	PC: 00000019	SP: 00000000
A: 00000007	B: 00000007	PC: 0000001a	SP: 00000000
A: 00000007	B: 00000007	PC: 0000000d	SP: 00000000
A: 00000008	B: 00000007	PC: 0000000e	SP: 00000000
A: 00000005	B: 00000008	PC: 0000000f	SP: 00000000
A: 00000003	B: 00000008	PC: 00000010	SP: 00000000
A: 00000003	B: 00000008	PC: 00000011	SP: 00000000
A: 00000008	B: 00000003	PC: 00000012	SP: 00000000
A: 00000005	B: 00000003	PC: 00000013	SP: 00000000
A: 000000fc	B: 00000005	PC: 00000014	SP: 00000000
A: ffffff09	B: 00000005	PC: 00000015	SP: 00000000
A: ffffff09	B: 00000005	PC: 00000016	SP: 00000000
A: 00000008	B: ffffff09	PC: 00000017	SP: 00000000
A: 00000001	B: 00000008	PC: 00000018	SP: 00000000
A: 00000009	B: 00000008	PC: 00000019	SP: 00000000
A: 00000008	B: 00000008	PC: 0000001a	SP: 00000000
A: 00000008	B: 00000008	PC: 0000000d	SP: 00000000
A: 00000009	B: 00000008	PC: 0000000e	SP: 00000000
A: 00000005	B: 00000009	PC: 0000000f	SP: 00000000
A: 00000004	B: 00000009	PC: 00000010	SP: 00000000
A: 00000004	B: 00000009	PC: 00000011	SP: 00000000
A: 00000009	B: 00000004	PC: 00000012	SP: 00000000
A: 00000000	B: 00000004	PC: 00000013	SP: 00000000
A: 000000fc	B: 00000000	PC: 00000014	SP: 00000000
A: ffffff04	B: 00000000	PC: 00000015	SP: 00000000
A: ffffff04	B: 00000000	PC: 00000016	SP: 00000000
A: 00000009	B: ffffff04	PC: 00000017	SP: 00000000
A: 00000001	B: 00000009	PC: 00000018	SP: 00000000
A: 0000000a	B: 00000009	PC: 00000019	SP: 00000000
A: 00000009	B: 00000009	PC: 0000001a	SP: 00000000
A: 00000009	B: 00000009	PC: 0000000d	SP: 00000000
A: 0000000a	B: 00000009	PC: 0000000e	SP: 00000000
A: 00000005	B: 0000000a	PC: 0000000f	SP: 00000000
A: 00000005	B: 0000000a	PC: 00000010	SP: 00000000
A: 00000005	B: 0000000a	PC: 00000011	SP: 00000000
A: 0000000a	B: 00000005	PC: 00000012	SP: 00000000
A: 00000000	B: 00000005	PC: 00000013	SP: 00000000
A: 000000fc	B: 00000000	PC: 00000014	SP: 00000000
A: ffffff04	B: 00000000	PC: 00000015	SP: 00000000
A: ffffff04	B: 00000000	PC: 00000016	SP: 00000000
A: 0000000a	B: ffffff04	PC: 00000017	SP: 00000000
A: 00000001	B: 0000000a	PC: 00000018	SP: 00000000
A: 0000000b	B: 0000000a	PC: 00000019	SP: 00000000
A: 0000000a	B: 0000000a	PC: 0000001a	SP: 00000000
A: 0000000a	B: 0000000a	PC: 0000000d	SP: 00000000
A: 0000000b	B: 0000000a	PC: 0000000e	SP: 00000000
A: 00000005	B: 0000000b	PC: 0000000f	SP: 00000000
A: 00000006	B: 0000000b	PC: 00000010	SP: 00000000
A: 00000006	B: 0000000b	PC: 00000011	SP: 00000000
A: 0000000b	B: 00000006	PC: 00000012	SP: 00000000
A: 00000000	B: 00000006	PC: 00000013	SP: 00000000
A: 000000fc	B: 00000000	PC: 00000014	SP: 00000000
A: ffffff04	B: 00000000	PC: 00000015	SP: 00000000
A: ffffff04	B: 00000000	PC: 00000016	SP: 00000000
A: 0000000b	B: ffffff04	PC: 00000017	SP: 00000000
A: 00000001	B: 0000000b	PC: 00000018	SP: 00000000
A: 0000000c	B: 0000000b	PC: 00000019	SP: 00000000
A: 0000000b	B: 0000000b	PC: 0000001a	SP: 00000000
A: 0000000b	B: 0000000b	PC: 0000000d	SP: 00000000
A: 0000000c	B: 0000000b	PC: 0000000e	SP: 00000000
A: 00000005	B: 0000000c	PC: 0000000f	SP: 00000000
A: 00000007	B: 0000000c	PC: 00000010	SP: 00000000
A: 00000007	B: 0000000c	PC: 00000011	SP: 00000000
A: 0000000c	B: 00000007	PC: 00000012	SP: 00000000
A: 00000000	B: 00000007	PC: 00000013	SP: 00000000
A: 000000fc	B: 00000000	PC: 00000014	SP: 00000000
A: ffffff04	B: 00000000	PC: 00000015	SP: 00000000
A: ffffff04	B: 00000000	PC: 00000016	SP: 00000000
A: 0000000c	B: ffffff04	PC: 00000017	SP: 00000000
A: 00000001	B: 0000000c	PC: 00000018	SP: 00000000
A: 0000000d	B: 0000000c	PC: 00000019	SP: 00000000
A: 0000000c	B: 0000000c	PC: 0000001a	SP: 00000000
A: 0000000c	B: 0000000c	PC: 0000000d	SP: 00000000
A: 0000000d	B: 0000000c	PC: 0000000e	SP: 00000000
A: 00000005	B: 0000000d	PC: 0000000f	SP: 00000000
A: 00000008	B: 0000000d	PC: 00000010	SP: 00000000
A: 00000008	B: 0000000d	PC: 00000011	SP: 00000000
A: 0000000d	B: 00000008	PC: 00000012	SP: 00000000
A: 00000000	B: 00000008	PC: 00000013	SP: 00000000
A: 000000fc	B: 00000000	PC: 00000014	SP: 00000000
A: ffffff04	B: 00000000	PC: 00000015	SP: 00000000
A: ffffff04	B: 00000000	PC: 00000016	SP: 00000000
A: 0000000d	B: ffffff04	PC: 00000017	SP: 00000000
A: 00000001	B: 0000000d	PC: 00000018	SP: 00000000
A: 0000000e	B: 0000000d	PC: 00000019	SP: 00000000
A: 0000000d	B: 0000000d	PC: 0000001a	SP: 00000000
A: 0000000d	B: 0000000d	PC: 0000000d	SP: 00000000
A: 0000000e	B: 0000000d	PC: 0000000e	SP: 00000000
A: 00000005	B: 0000000e	PC: 0000000f	SP: 00000000
A: 00000009	B: 0000000e	PC: 00000010	SP: 00000000
A: 00000009	B: 0000000e	PC: 00000011	SP: 00000000
A: 0000000e	B: 00000009	PC: 00000012	SP: 00000000
A: 00000000	B: 00000009	PC: 00000013	SP: 00000000
A: 000000fc	B: 00000000	PC: 00000014	SP: 00000000
A: ffffff04	B: 00000000	PC: 00000015	SP: 00000000
A: ffffff04	B: 00000000	PC: 00000016	SP: 00000000
A: 0000000e	B: ffffff04	PC: 00000017	SP: 00000000
A: 00000001	B: 0000000e	PC: 00000018	SP: 00000000
A: 0000000f	B: 0000000e	PC: 00000019	SP: 00000000
A: 0000000e	B: 0000000e	PC: 0000001a	SP: 00000000
A: 0000000e	B: 0000000e	PC: 0000000d	SP: 00000000
A: 0000000f	B: 0000000e	PC: 0000000e	SP: 00000000
A: 00000005	B: 0000000f	PC: 0000000f	SP: 00000000
A: 0000000a	B: 0000000f	PC: 00000010	SP: 00000000
A: 0000000a	B: 0000000f	PC: 00000011	SP: 00000000
A: 0000000f	B: 0000000a	PC: 00000012	SP: 00000000
A: 00000000	B: 0000000a	PC: 00000013	SP: 00000000
A: 000000fc	B: 00000000	PC: 00000014	SP: 00000000
A: ffffff04	B: 00000000	PC: 00000015	SP: 00000000
A: ffffff04	B: 00000000	PC: 00000016	SP: 00000000
A: 0000000f	B: ffffff04	PC: 00000017	SP: 00000000
A: 00000001	B: 0000000f	PC: 00000018	SP: 00000000
A: 00000010	B: 0000000f	PC: 00000019	SP: 00000000
A: 0000000f	B: 0000000f	PC: 0000001a	SP: 00000000
A: 0000000f	B: 0000000f	PC: 0000000d	SP: 00000000
A: 00000010	B: 0000000f	PC: 0000000e	SP: 00000000
A: 00000005	B: 00000010	PC: 0000000f	SP: 00000000
A: 0000000b	B: 00000010	PC: 00000010	SP: 00000000
A: 0000000b	B: 00000010	PC: 00000011	SP: 00000000
A: 00000010	B: 0000000b	PC: 00000012	SP: 00000000
A: 00000000	B: 0000000b	PC: 00000013	SP: 00000000
A: 000000fc	B: 00000000	PC: 00000014	SP: 00000000
A: ffffff04	B: 00000000	PC: 00000015	SP: 00000000
A: ffffff04	B: 00000000	PC: 00000016	SP: 00000000
A: 00000010	B: ffffff04	PC: 00000017	SP: 00000000
A: 00000001	B: 00000010	PC: 00000018	SP: 00000000
A: 00000011	B: 00000010	PC: 00000019	SP: 00000000
A: 00000010	B: 00000010	PC: 0000001a	SP: 00000000
A: 00000010	B: 00000010	PC: 0000000d	SP: 00000000
A: 00000011	B: 00000010	PC: 0000000e	SP: 00000000
A: 00000005	B: 00000011	PC: 0000000f	SP: 00000000
A: 0000000c	B: 00000011	PC: 00000010	SP: 00000000
A: 0000000c	B: 00000011	PC: 00000011	SP: 00000000
A: 00000011	B: 0000000c	PC: 00000012	SP: 00000000
A: 00000000	B: 0000000c	PC: 00000013	SP: 00000000
A: 000000fc	B: 00000000	PC: 00000014	SP: 00000000
A: ffffff04	B: 00000000	PC: 00000015	SP: 00000000
A: ffffff04	B: 00000000	PC: 00000016	SP: 00000000
A: 00000011	B: ffffff04	PC: 00000017	SP: 00000000
A: 00000001	B: 00000011	PC: 00000018	SP: 00000000
A: 00000012	B: 00000011	PC: 00000019	SP: 00000000
A: 00000011	B: 00000011	PC: 0000001a	SP: 00000000
A: 00000011	B: 00000011	PC: 0000000d	SP: 00000000
A: 00000012	B: 00000011	PC: 0000000e	SP: 00000000
A: 00000005	B: 00000012	PC: 0000000f	SP: 00000000
A: 0000000d	B: 00000012	PC: 00000010	SP: 00000000
A: 0000000d	B: 00000012	PC: 00000011	SP: 00000000
A: 00000012	B: 0000000d	PC: 00000012	SP: 00000000
A: 00000000	B: 0000000d	PC: 00000013	SP: 00000000
A: 000000fc	B: 00000000	PC: 00000014	SP: 00000000
A: ffffff04	B: 00000000	PC: 00000015	SP: 00000000
A: ffffff04	B: 00000000	PC: 00000016	SP: 00000000
A: 00000012	B: ffffff04	PC: 00000017	SP: 00000000
A: 00000001	B: 00000012	PC: 00000018	SP: 00000000
A: 00000013	B: 00000012	PC: 00000019	SP: 00000000
A: 00000012	B: 00000012	PC: 0000001a	SP: 00000000
A: 00000012	B: 00000012	PC: 0000000d	SP: 00000000
A: 00000013	B: 00000012	PC: 0000000e	SP: 00000000
A: 00000005	B: 00000013	PC: 0000000f	SP: 00000000
A: 0000000e	B: 00000013	PC: 00000010	SP: 00000000
A: 0000000e	B: 00000013	PC: 00000011	SP: 00000000
A: 00000013	B: 0000000e	PC: 00000012	SP: 00000000
A: 00000000	B: 0000000e	PC: 00000013	SP: 00000000
A: 000000fc	B: 00000000	PC: 00000014	SP: 00000000
A: ffffff04	B: 00000000	PC: 00000015	SP: 00000000
A: ffffff04	B: 00000000	PC: 00000016	SP: 00000000
A: 00000013	B: ffffff04	PC: 00000017	SP: 00000000
A: 00000001	B: 00000013	PC: 00000018	SP: 00000000
A: 00000014	B: 00000013	PC: 00000019	SP: 00000000
A: 00000013	B: 00000013	PC: 0000001a	SP: 00000000
A: 00000013	B: 00000013	PC: 0000000d	SP: 00000000
A: 00000014	B: 00000013	PC: 0000000e	SP: 00000000
A: 00000005	B: 00000014	PC: 0000000f	SP: 00000000
A: 0000000f	B: 00000014	PC: 00000010	SP: 00000000
A: 0000000f	B: 00000014	PC: 00000011	SP: 00000000
A: 00000014	B: 0000000f	PC: 00000012	SP: 00000000
A: 00000000	B: 0000000f	PC: 00000013	SP: 00000000
A: 000000fc	B: 00000000	PC: 00000014	SP: 00000000
A: ffffff04	B: 00000000	PC: 00000015	SP: 00000000
A: ffffff04	B: 00000000	PC: 00000016	SP: 00000000
A: 00000014	B: ffffff04	PC: 00000017	SP: 00000000
A: 00000001	B: 00000014	PC: 00000018	SP: 00000000
A: 00000015	B: 00000014	PC: 00000019	SP: 00000000
A: 00000014	B: 00000014	PC: 0000001a	SP: 00000000
A: 00000014	B: 00000014	PC: 0000000d	SP: 00000000
A: 00000015	B: 00000014	PC: 0000000e	SP: 00000000
A: 00000005	B: 00000015	PC: 0000000f	SP: 00000000
A: 00000010	B: 00000015	PC: 00000010	SP: 00000000
A: 00000010	B: 00000015	PC: 00000011	SP: 00000000
A: 00000015	B: 00000010	PC: 00000012	SP: 00000000
A: 00000000	B: 00000010	PC: 00000013	SP: 00000000
A: 000000fc	B: 00000000	PC: 00000014	SP: 00000000
A: ffffff04	B: 00000000	PC: 00000015	SP: 00000000
A: ffffff04	B: 00000000	PC: 00000016	SP: 00000000
A: 00000015	B: ffffff04	PC: 00000017	SP: 00000000
A: 00000001	B: 00000015	PC: 00000018	SP: 00000000
A: 00000016	B: 00000015	PC: 00000019	SP: 00000000
A: 00000015	B: 00000015	PC: 0000001a	SP: 00000000
A: 00000015	B: 00000015	PC: 0000000d	SP: 00000000
A: 00000016	B: 00000015	PC: 0000000e	SP: 00000000
A: 00000005	B: 00000016	PC: 0000000f	SP: 00000000
A: 00000011	B: 00000016	PC: 00000010	SP: 00000000
A: 00000011	B: 00000016	PC: 00000011	SP: 00000000
A: 00000016	B: 00000011	PC: 00000012	SP: 00000000
A: 00000000	B: 00000011	PC: 00000013	SP: 00000000
A: 000000fc	B: 00000000	PC: 00000014	SP: 00000000
A: ffffff04	B: 00000000	PC: 00000015	SP: 00000000
A: ffffff04	B: 00000000	PC: 00000016	SP: 00000000
A: 00000016	B: ffffff04	PC: 00000017	SP: 00000000
A: 00000001	B: 00000016	PC: 00000018	SP: 00000000
A: 00000017	B: 00000016	PC: 00000019	SP: 00000000
A: 00000016	B: 00000016	PC: 0000001a	SP: 00000000
A: 00000016	B: 00000016	PC: 0000000d	SP: 00000000
A: 00000017	B: 00000016	PC: 0000000e	SP: 00000000
A: 00000005	B: 00000017	PC: 0000000f	SP: 00000000
A: 00000012	B: 00000017	PC: 00000010	SP: 00000000
A: 00000012	B: 00000017	PC: 00000011	SP: 00000000
A: 00000017	B: 00000012	PC: 00000012	SP: 00000000
A: 00000000	B: 00000012	PC: 00000013	SP: 00000000
A: 000000fc	B: 00000000	PC: 00000014	SP: 00000000
A: ffffff04	B: 00000000	PC: 00000015	SP: 00000000
A: ffffff04	B: 00000000	PC: 00000016	SP: 00000000
A: 00000017	B: ffffff04	PC: 00000017	SP: 00000000
A: 00000001	B: 00000017	PC: 00000018	SP: 00000000
A: 00000018	B: 00000017	PC: 00000019	SP: 00000000
A: 00000017	B: 00000017	PC: 0000001a	SP: 00000000
A: 00000017	B: 00000017	PC: 0000000d	SP: 00000000
A: 00000018	B: 00000017	PC: 0000000e	SP: 00000000
A: 00000005	B: 00000018	PC: 0000000f	SP: 00000000
A: 00000013	B: 00000018	PC: 00000010	SP: 00000000
A: 00000013	B: 00000018	PC: 00000011	SP: 00000000
A: 00000018	B: 00000013	PC: 00000012	SP: 00000000
A: 00000000	B: 00000013	PC: 00000013	SP: 00000000
A: 000000fc	B: 00000000	PC: 00000014	SP: 00000000
A: ffffff04	B: 00000000	PC: 00000015	SP: 00000000
A: ffffff04	B: 00000000	PC: 00000016	SP: 00000000
A: 00000018	B: ffffff04	PC: 00000017	SP: 00000000
A: 00000001	B: 00000018	PC: 00000018	SP: 00000000
A: 00000019	B: 00000018	PC: 00000019	SP: 00000000
A: 00000018	B: 00000018	PC: 0000001a	SP: 00000000
A: 00000018	B: 00000018	PC: 0000000d	SP: 00000000
A: 00000019	B: 00000018	PC: 0000000e	SP: 00000000
A: 00000005	B: 00000019	PC: 0000000f	SP: 00000000
A: 00000014	B: 00000019	PC: 00000010	SP: 00000000
A: 00000014	B: 00000019	PC: 00000011	SP: 00000000
A: 00000019	B: 00000014	PC: 00000012	SP: 00000000
A: 00000000	B: 00000014	PC: 00000013	SP: 00000000
A: 000000fc	B: 00000000	PC: 00000014	SP: 00000000
A: ffffff04	B: 00000000	PC: 00000015	SP: 00000000
A: ffffff04	B: 00000000	PC: 00000016	SP: 00000000
A: 00000019	B: ffffff04	PC: 00000017	SP: 00000000
A: 00000001	B: 00000019	PC: 00000018	SP: 00000000
A: 0000001a	B: 00000019	PC: 00000019	SP: 00000000
A: 00000019	B: 00000019	PC: 0000001a	SP: 00000000
A: 00000019	B: 00000019	PC: 0000000d	SP: 00000000
A: 0000001a	B: 00000019	PC: 0000000e	SP: 00000000
A: 00000005	B: 0000001a	PC: 0000000f	SP: 00000000
A: 00000015	B: 0000001a	PC: 00000010	SP: 00000000
A: 00000015	B: 0000001a	PC: 00000011	SP: 00000000
A: 0000001a	B: 00000015	PC: 00000012	SP: 00000000
A: 00000000	B: 00000015	PC: 00000013	SP: 00000000
A: 000000fc	B: 00000000	PC: 00000014	SP: 00000000
A: ffffff04	B: 00000000	PC: 00000015	SP: 00000000
A: ffffff04	B: 00000000	PC: 00000016	SP: 00000000
A: 0000001a	B: ffffff04	PC: 00000017	SP: 00000000
A: 00000001	B: 0000001a	PC: 00000018	SP: 00000000
A: 0000001b	B: 0000001a	PC: 00000019	SP: 00000000
A: 0000001a	B: 0000001a	PC: 0000001a	SP: 00000000
A: 0000001a	B: 0000001a	PC: 0000000d	SP: 00000000
A: 0000001b	B: 0000001a	PC: 0000000e	SP: 00000000
A: 00000005	B: 0000001b	PC: 0000000f	SP: 00000000
A: 00000016	B: 0000001b	PC: 00000010	SP: 00000000
A: 00000016	B: 0000001b	PC: 00000011	SP: 00000000
A: 0000001b	B: 00000016	PC: 00000012	SP: 00000000
A: 00000000	B: 00000016	PC: 00000013	SP: 00000000
A: 000000fc	B: 00000000	PC: 00000014	SP: 00000000
A: ffffff04	B: 00000000	PC: 00000015	SP: 00000000
A: ffffff04	B: 00000000	PC: 00000016	SP: 00000000
A: 0000001b	B: ffffff04	PC: 00000017	SP: 00000000
A: 00000001	B: 0000001b	PC: 00000018	SP: 00000000
A: 0000001c	B: 0000001b	PC: 00000019	SP: 00000000
A: 0000001b	B: 0000001b	PC: 0000001a	SP: 00000000
A: 0000001b	B: 0000001b	PC: 0000000d	SP: 00000000
A: 0000001c	B: 0000001b	PC: 0000000e	SP: 00000000
A: 00000005	B: 0000001c	PC: 0000000f	SP: 00000000
A: 00000017	B: 0000001c	PC: 00000010	SP: 00000000
A: 00000017	B: 0000001c	PC: 00000011	SP: 00000000
A: 0000001c	B: 00000017	PC: 00000012	SP: 00000000
A: 00000000	B: 00000017	PC: 00000013	SP: 00000000
A: 000000fc	B: 00000000	PC: 00000014	SP: 00000000
A: ffffff04	B: 00000000	PC: 00000015	SP: 00000000
A: ffffff04	B: 00000000	PC: 00000016	SP: 00000000
A: 0000001c	B: ffffff04	PC: 00000017	SP: 00000000
A: 00000001	B: 0000001c	PC: 00000018	SP: 00000000
A: 0000001d	B: 0000001c	PC: 00000019	SP: 00000000
A: 0000001c	B: 0000001c	PC: 0000001a	SP: 00000000
A: 0000001c	B: 0000001c	PC: 0000000d	SP: 00000000
A: 0000001d	B: 0000001c	PC: 0000000e	SP: 00000000
A: 00000005	B: 0000001d	PC: 0000000f	SP: 00000000
A: 00000018	B: 0000001d	PC: 00000010	SP: 00000000
A: 00000018	B: 0000001d	PC: 00000011	SP: 00000000
A: 0000001d	B: 00000018	PC: 00000012	SP: 00000000
A: 00000000	B: 00000018	PC: 00000013	SP: 00000000
A: 000000fc	B: 00000000	PC: 00000014	SP: 00000000
A: ffffff04	B: 00000000	PC: 00000015	SP: 00000000
A: ffffff04	B: 00000000	PC: 00000016	SP: 00000000
A: 0000001d	B: ffffff04	PC: 00000017	SP: 00000000
A: 00000001	B: 0000001d	PC: 00000018	SP: 00000000
A: 0000001e	B: 0000001d	PC: 00000019	SP: 00000000
A: 0000001d	B: 0000001d	PC: 0000001a	SP: 00000000
A: 0000001d	B: 0000001d	PC: 0000000d	SP: 00000000
A: 0000001e	B: 0000001d	PC: 0000000e	SP: 00000000
A: 00000005	B: 0000001e	PC: 0000000f	SP: 00000000
A: 00000019	B: 0000001e	PC: 00000010	SP: 00000000
A: 00000019	B: 0000001e	PC: 00000011	SP: 00000000
A: 0000001e	B: 00000019	PC: 00000012	SP: 00000000
A: 00000000	B: 00000019	PC: 00000013	SP: 00000000
A: 000000fc	B: 00000000	PC: 00000014	SP: 00000000
A: ffffff04	B: 00000000	PC: 00000015	SP: 00000000
A: ffffff04	B: 00000000	PC: 00000016	SP: 00000000
A: 0000001e	B: ffffff04	PC: 00000017	SP: 00000000
A: 00000001	B: 0000001e	PC: 00000018	SP: 00000000
A: 0000001f	B: 0000001e	PC: 00000019	SP: 00000000
A: 0000001e	B: 0000001e	PC: 0000001a	SP: 00000000
A: 0000001e	B: 0000001e	PC: 0000000d	SP: 00000000
A: 0000001f	B: 0000001e	PC: 0000000e	SP: 00000000
A: 00000005	B: 0000001f	PC: 0000000f	SP: 00000000
A: 0000001a	B: 0000001f	PC: 00000010	SP: 00000000
A: 0000001a	B: 0000001f	PC: 00000011	SP: 00000000
A: 0000001f	B: 0000001a	PC: 00000012	SP: 00000000
A: 00000000	B: 0000001a	PC: 00000013	SP: 00000000
A: 000000fc	B: 00000000	PC: 00000014	SP: 00000000
A: ffffff04	B: 00000000	PC: 00000015	SP: 00000000
A: ffffff04	B: 00000000	PC: 00000016	SP: 00000000
A: 0000001f	B: ffffff04	PC: 00000017	SP: 00000000
A: 00000001	B: 0000001f	PC: 00000018	SP: 00000000
A: 00000020	B: 0000001f	PC: 00000019	SP: 00000000
A: 0000001f	B: 0000001f	PC: 0000001a	SP: 00000000
A: 0000001f	B: 0000001f	PC: 0000000d	SP: 00000000
A: 00000020	B: 0000001f	PC: 0000000e	SP: 00000000
A: 00000005	B: 00000020	PC: 0000000f	SP: 00000000
A: 0000001b	B: 00000020	PC: 00000010	SP: 00000000
A: 0000001b	B: 00000020	PC: 00000011	SP: 00000000
A: 00000020	B: 0000001b	PC: 00000012	SP: 00000000
A: 00000000	B: 0000001b	PC: 00000013	SP: 00000000
A: 000000fc	B: 00000000	PC: 00000014	SP: 00000000
A: ffffff04	B: 00000000	PC: 00000015	SP: 00000000
A: ffffff04	B: 00000000	PC: 00000016	SP: 00000000
A: 00000020	B: ffffff04	PC: 00000017	SP: 00000000
A: 00000001	B: 00000020	PC: 00000018	SP: 00000000
A: 00000021	B: 00000020	PC: 00000019	SP: 00000000
A: 00000020	B: 00000020	PC: 0000001a	SP: 00000000
A: 00000020	B: 00000020	PC: 0000000d	SP: 00000000
A: 00000021	B: 00000020	PC: 0000000e	SP: 00000000
A: 00000005	B: 00000021	PC: 0000000f	SP: 00000000
A: 0000001c	B: 00000021	PC: 00000010	SP: 00000000
A: 0000001c	B: 00000021	PC: 00000011	SP: 00000000
A: 00000021	B: 0000001c	PC: 00000012	SP: 00000000
A: 00000000	B: 0000001c	PC: 00000013	SP: 00000000
A: 000000fc	B: 00000000	PC: 00000014	SP: 00000000
A: ffffff04	B: 00000000	PC: 00000015	SP: 00000000
A: ffffff04	B: 00000000	PC: 00000016	SP: 00000000
A: 00000021	B: ffffff04	PC: 00000017	SP: 00000000
A: 00000001	B: 00000021	PC: 00000018	SP: 00000000
A: 00000022	B: 00000021	PC: 00000019	SP: 00000000
A: 00000021	B: 00000021	PC: 0000001a	SP: 00000000
A: 00000021	B: 00000021	PC: 0000000d	SP: 00000000
A: 00000022	B: 00000021	PC: 0000000e	SP: 00000000
A: 00000005	B: 00000022	PC: 0000000f	SP: 00000000
A: 0000001d	B: 00000022	PC: 00000010	SP: 00000000
A: 0000001d	B: 00000022	PC: 00000011	SP: 00000000
A: 00000022	B: 0000001d	PC: 00000012	SP: 00000000
A: 00000000	B: 0000001d	PC: 00000013	SP: 00000000
A: 000000fc	B: 00000000	PC: 00000014	SP: 00000000
A: ffffff04	B: 00000000	PC: 00000015	SP: 00000000
A: ffffff04	B: 00000000	PC: 00000016	SP: 00000000
A: 00000022	B: ffffff04	PC: 00000017	SP: 00000000
A: 00000001	B: 00000022	PC: 00000018	SP: 00000000
A: 00000023	B: 00000022	PC: 00000019	SP: 00000000
A: 00000022	B: 00000022	PC: 0000001a	SP: 00000000
A: 00000022	B: 00000022	PC: 0000000d	SP: 00000000
A: 00000023	B: 00000022	PC: 0000000e	SP: 00000000
A: 00000005	B: 00000023	PC: 0000000f	SP: 00000000
A: 0000001e	B: 00000023	PC: 00000010	SP: 00000000
A: 0000001e	B: 00000023	PC: 00000011	SP: 00000000
A: 00000023	B: 0000001e	PC: 00000012	SP: 00000000
A: 00000000	B: 0000001e	PC: 00000013	SP: 00000000
A: 000000fc	B: 00000000	PC: 00000014	SP: 00000000
A: ffffff04	B: 00000000	PC: 00000015	SP: 00000000
A: ffffff04	B: 00000000	PC: 00000016	SP: 00000000
A: 00000023	B: ffffff04	PC: 00000017	SP: 00000000
A: 00000001	B: 00000023	PC: 00000018	SP: 00000000
A: 00000024	B: 00000023	PC: 00000019	SP: 00000000
A: 00000023	B: 00000023	PC: 0000001a	SP: 00000000
A: 00000023	B: 00000023	PC: 0000000d	SP: 00000000
A: 00000024	B: 00000023	PC: 0000000e	SP: 00000000
A: 00000005	B: 00000024	PC: 0000000f	SP: 00000000
A: 0000001f	B: 00000024	PC: 00000010	SP: 00000000
A: 0000001f	B: 00000024	PC: 00000011	SP: 00000000
A: 00000024	B: 0000001f	PC: 00000012	SP: 00000000
A: 00000000	B: 0000001f	PC: 00000013	SP: 00000000
A: 000000fc	B: 00000000	PC: 00000014	SP: 00000000
A: ffffff04	B: 00000000	PC: 00000015	SP: 00000000
A: ffffff04	B: 00000000	PC: 00000016	SP: 00000000
A: 00000024	B: ffffff04	PC: 00000017	SP: 00000000
A: 00000001	B: 00000024	PC: 00000018	SP: 00000000
A: 00000025	B: 00000024	PC: 00000019	SP: 00000000
A: 00000024	B: 00000024	PC: 0000001a	SP: 00000000
A: 00000024	B: 00000024	PC: 0000000d	SP: 00000000
A: 00000025	B: 00000024	PC: 0000000e	SP: 00000000
A: 00000005	B: 00000025	PC: 0000000f	SP: 00000000
A: 00000020	B: 00000025	PC: 00000010	SP: 00000000
A: 00000020	B: 00000025	PC: 00000011	SP: 00000000
A: 00000025	B: 00000020	PC: 00000012	SP: 00000000
A: 00000000	B: 00000020	PC: 00000013	SP: 00000000
A: 000000fc	B: 00000000	PC: 00000014	SP: 00000000
A: ffffff04	B: 00000000	PC: 00000015	SP: 00000000
A: ffffff04	B: 00000000	PC: 00000016	SP: 00000000
A: 00000025	B: ffffff04	PC: 00000017	SP: 00000000
A: 00000001	B: 00000025	PC: 00000018	SP: 00000000
A: 00000026	B: 00000025	PC: 00000019	SP: 00000000
A: 00000025	B: 00000025	PC: 0000001a	SP: 00000000
A: 00000025	B: 00000025	PC: 0000000d	SP: 00000000
A: 00000026	B: 00000025	PC: 0000000e	SP: 00000000
A: 00000005	B: 00000026	PC: 0000000f	SP: 00000000
A: 00000021	B: 00000026	PC: 00000010	SP: 00000000
A: 00000021	B: 00000026	PC: 00000011	SP: 00000000
A: 00000026	B: 00000021	PC: 00000012	SP: 00000000
A: 00000000	B: 00000021	PC: 00000013	SP: 00000000
A: 000000fc	B: 00000000	PC: 00000014	SP: 00000000
A: ffffff04	B: 00000000	PC: 00000015	SP: 00000000
A: ffffff04	B: 00000000	PC: 00000016	SP: 00000000
A: 00000026	B: ffffff04	PC: 00000017	SP: 00000000
A: 00000001	B: 00000026	PC: 00000018	SP: 00000000
A: 00000027	B: 00000026	PC: 00000019	SP: 00000000
A: 00000026	B: 00000026	PC: 0000001a	SP: 00000000
A: 00000026	B: 00000026	PC: 0000000d	SP: 00000000
A: 00000027	B: 00000026	PC: 0000000e	SP: 00000000
A: 00000005	B: 00000027	PC: 0000000f	SP: 00000000
A: 00000022	B: 00000027	PC: 00000010	SP: 00000000
A: 00000022	B: 00000027	PC: 00000011	SP: 00000000
A: 00000027	B: 00000022	PC: 00000012	SP: 00000000
A: 00000000	B: 00000022	PC: 00000013	SP: 00000000
A: 000000fc	B: 00000000	PC: 00000014	SP: 00000000
A: ffffff04	B: 00000000	PC: 00000015	SP: 00000000
A: ffffff04	B: 00000000	PC: 00000016	SP: 00000000
A: 00000027	B: ffffff04	PC: 00000017	SP: 00000000
A: 00000001	B: 00000027	PC: 00000018	SP: 00000000
A: 00000028	B: 00000027	PC: 00000019	SP: 00000000
A: 00000027	B: 00000027	PC: 0000001a	SP: 00000000
A: 00000027	B: 00000027	PC: 0000000d	SP: 00000000
A: 00000028	B: 00000027	PC: 0000000e	SP: 00000000
A: 00000005	B: 00000028	PC: 0000000f	SP: 00000000
A: 00000023	B: 00000028	PC: 00000010	SP: 00000000
A: 00000023	B: 00000028	PC: 00000011	SP: 00000000
A: 00000028	B: 00000023	PC: 00000012	SP: 00000000
A: 00000000	B: 00000023	PC: 00000013	SP: 00000000
A: 000000fc	B: 00000000	PC: 00000014	SP: 00000000
A: ffffff04	B: 00000000	PC: 00000015	SP: 00000000
A: ffffff04	B: 00000000	PC: 00000016	SP: 00000000
A: 00000028	B: ffffff04	PC: 00000017	SP: 00000000
A: 00000001	B: 00000028	PC: 00000018	SP: 00000000
A: 00000029	B: 00000028	PC: 00000019	SP: 00000000
A: 00000028	B: 00000028	PC: 0000001a	SP: 00000000
A: 00000028	B: 00000028	PC: 0000000d	SP: 00000000
A: 00000029	B: 00000028	PC: 0000000e	SP: 00000000
A: 00000005	B: 00000029	PC: 0000000f	SP: 00000000
A: 00000024	B: 00000029	PC: 00000010	SP: 00000000
A: 00000024	B: 00000029	PC: 00000011	SP: 00000000
A: 00000029	B: 00000024	PC: 00000012	SP: 00000000
A: 00000000	B: 00000024	PC: 00000013	SP: 00000000
A: 000000fc	B: 00000000	PC: 00000014	SP: 00000000
A: ffffff04	B: 00000000	PC: 00000015	SP: 00000000
A: ffffff04	B: 00000000	PC: 00000016	SP: 00000000
A: 00000029	B: ffffff04	PC: 00000017	SP: 00000000
A: 00000001	B: 00000029	PC: 00000018	SP: 00000000
A: 0000002a	B: 00000029	PC: 00000019	SP: 00000000
A: 00000029	B: 00000029	PC: 0000001a	SP: 00000000
A: 00000029	B: 00000029	PC: 0000000d	SP: 00000000
A: 0000002a	B: 00000029	PC: 0000000e	SP: 00000000
A: 00000005	B: 0000002a	PC: 0000000f	SP: 00000000
A: 00000025	B: 0000002a	PC: 00000010	SP: 00000000
A: 00000025	B: 0000002a	PC: 00000011	SP: 00000000
A: 0000002a	B: 00000025	PC: 00000012	SP: 00000000
A: 00000000	B: 00000025	PC: 00000013	SP: 00000000
A: 000000fc	B: 00000000	PC: 00000014	SP: 00000000
A: ffffff04	B: 00000000	PC: 00000015	SP: 00000000
A: ffffff04	B: 00000000	PC: 00000016	SP: 00000000
A: 0000002a	B: ffffff04	PC: 00000017	SP: 00000000
A: 00000001	B: 0000002a	PC: 00000018	SP: 00000000
A: 0000002b	B: 0000002a	PC: 00000019	SP: 00000000
A: 0000002a	B: 0000002a	PC: 0000001a	SP: 00000000
A: 0000002a	B: 0000002a	PC: 0000000d	SP: 00000000
A: 0000002b	B: 0000002a	PC: 0000000e	SP: 00000000
A: 00000005	B: 0000002b	PC: 0000000f	SP: 00000000
A: 00000026	B: 0000002b	PC: 00000010	SP: 00000000
A: 00000026	B: 0000002b	PC: 00000011	SP: 00000000
A: 0000002b	B: 00000026	PC: 00000012	SP: 00000000
A: 00000000	B: 00000026	PC: 00000013	SP: 00000000
A: 000000fc	B: 00000000	PC: 00000014	SP: 00000000
A: ffffff04	B: 00000000	PC: 00000015	SP: 00000000
A: ffffff04	B: 00000000	PC: 00000016	SP: 00000000
A: 0000002b	B: ffffff04	PC: 00000017	SP: 00000000
A: 00000001	B: 0000002b	PC: 00000018	SP: 00000000
A: 0000002c	B: 0000002b	PC: 00000019	SP: 00000000
A: 0000002b	B: 0000002b	PC: 0000001a	SP: 00000000
A: 0000002b	B: 0000002b	PC: 0000000d	SP: 00000000
A: 0000002c	B: 0000002b	PC: 0000000e	SP: 00000000
A: 00000005	B: 0000002c	PC: 0000000f	SP: 00000000
A: 00000027	B: 0000002c	PC: 00000010	SP: 00000000
A: 00000027	B: 0000002c	PC: 00000011	SP: 00000000
A: 0000002c	B: 00000027	PC: 00000012	SP: 00000000
A: 00000000	B: 00000027	PC: 00000013	SP: 00000000
A: 000000fc	B: 00000000	PC: 00000014	SP: 00000000
A: ffffff04	B: 00000000	PC: 00000015	SP: 00000000
A: ffffff04	B: 00000000	PC: 00000016	SP: 00000000
A: 0000002c	B: ffffff04	PC: 00000017	SP: 00000000
A: 00000001	B: 0000002c	PC: 00000018	SP: 00000000
A: 0000002d	B: 0000002c	PC: 00000019	SP: 00000000
A: 0000002c	B: 0000002c	PC: 0000001a	SP: 00000000
A: 0000002c	B: 0000002c	PC: 0000000d	SP: 00000000
A: 0000002d	B: 0000002c	PC: 0000000e	SP: 00000000
A: 00000005	B: 0000002d	PC: 0000000f	SP: 00000000
A: 00000028	B: 0000002d	PC: 00000010	SP: 00000000
A: 00000028	B: 0000002d	PC: 00000011	SP: 00000000
A: 0000002d	B: 00000028	PC: 00000012	SP: 00000000
A: 00000000	B: 00000028	PC: 00000013	SP: 00000000
A: 000000fc	B: 00000000	PC: 00000014	SP: 00000000
A: ffffff04	B: 00000000	PC: 00000015	SP: 00000000
A: ffffff04	B: 00000000	PC: 00000016	SP: 00000000
A: 0000002d	B: ffffff04	PC: 00000017	SP: 00000000
A: 00000001	B: 0000002d	PC: 00000018	SP: 00000000
A: 0000002e	B: 0000002d	PC: 00000019	SP: 00000000
A: 0000002d	B: 0000002d	PC: 0000001a	SP: 00000000
A: 0000002d	B: 0000002d	PC: 0000000d	SP: 00000000
A: 0000002e	B: 0000002d	PC: 0000000e	SP: 00000000
A: 00000005	B: 0000002e	PC: 0000000f	SP: 00000000
A: 00000029	B: 0000002e	PC: 00000010	SP: 00000000
A: 00000029	B: 0000002e	PC: 00000011	SP: 00000000
A: 0000002e	B: 00000029	PC: 00000012	SP: 00000000
A: 00000000	B: 00000029	PC: 00000013	SP: 00000000
A: 000000fc	B: 00000000	PC: 00000014	SP: 00000000
A: ffffff04	B: 00000000	PC: 00000015	SP: 00000000
A: ffffff04	B: 00000000	PC: 00000016	SP: 00000000
A: 0000002e	B: ffffff04	PC: 00000017	SP: 00000000
A: 00000001	B: 0000002e	PC: 00000018	SP: 00000000
A: 0000002f	B: 0000002e	PC: 00000019	SP: 00000000
A: 0000002e	B: 0000002e	PC: 0000001a	SP: 00000000
A: 0000002e	B: 0000002e	PC: 0000000d	SP: 00000000
A: 0000002f	B: 0000002e	PC: 0000000e	SP: 00000000
A: 00000005	B: 0000002f	PC: 0000000f	SP: 00000000
A: 0000002a	B: 0000002f	PC: 00000010	SP: 00000000
A: 0000002a	B: 0000002f	PC: 00000011	SP: 00000000
A: 0000002f	B: 0000002a	PC: 00000012	SP: 00000000
A: 00000000	B: 0000002a	PC: 00000013	SP: 00000000
A: 000000fc	B: 00000000	PC: 00000014	SP: 00000000
A: ffffff04	B: 00000000	PC: 00000015	SP: 00000000
A: ffffff04	B: 00000000	PC: 00000016	SP: 00000000
A: 0000002f	B: ffffff04	PC: 00000017	SP: 00000000
A: 00000001	B: 0000002f	PC: 00000018	SP: 00000000
A: 00000030	B: 0000002f	PC: 00000019	SP: 00000000
A: 0000002f	B: 0000002f	PC: 0000001a	SP: 00000000
A: 0000002f	B: 0000002f	PC: 0000000d	SP: 00000000
A: 00000030	B: 0000002f	PC: 0000000e	SP: 00000000
A: 00000005	B: 00000030	PC: 0000000f	SP: 00000000
A: 0000002b	B: 00000030	PC: 00000010	SP: 00000000
A: 0000002b	B: 00000030	PC: 00000011	SP: 00000000
A: 00000030	B: 0000002b	PC: 00000012	SP: 00000000
A: 00000000	B: 0000002b	PC: 00000013	SP: 00000000
A: 000000fc	B: 00000000	PC: 00000014	SP: 00000000
A: ffffff04	B: 00000000	PC: 00000015	SP: 00000000
A: ffffff04	B: 00000000	PC: 00000016	SP: 00000000
A: 00000030	B: ffffff04	PC: 00000017	SP: 00000000
A: 00000001	B: 00000030	PC: 00000018	SP: 00000000
A: 00000031	B: 00000030	PC: 00000019	SP: 00000000
A: 00000030	B: 00000030	PC: 0000001a	SP: 00000000
A: 00000030	B: 00000030	PC: 0000000d	SP: 00000000
A: 00000031	B: 00000030	PC: 0000000e	SP: 00000000
A: 00000005	B: 00000031	PC: 0000000f	SP: 00000000
A: 0000002c	B: 00000031	PC: 00000010	SP: 00000000
A: 0000002c	B: 00000031	PC: 00000011	SP: 00000000
A: 00000031	B: 0000002c	PC: 00000012	SP: 00000000
A: 00000000	B: 0000002c	PC: 00000013	SP: 00000000
A: 000000fc	B: 00000000	PC: 00000014	SP: 00000000
A: ffffff04	B: 00000000	PC: 00000015	SP: 00000000
A: ffffff04	B: 00000000	PC: 00000016	SP: 00000000
A: 00000031	B: ffffff04	PC: 00000017	SP: 00000000
A: 00000001	B: 00000031	PC: 00000018	SP: 00000000
A: 00000032	B: 00000031	PC: 00000019	SP: 00000000
A: 00000031	B: 00000031	PC: 0000001a	SP: 00000000
A: 00000031	B: 00000031	PC: 0000000d	SP: 00000000
A: 00000032	B: 00000031	PC: 0000000e	SP: 00000000
A: 00000005	B: 00000032	PC: 0000000f	SP: 00000000
A: 0000002d	B: 00000032	PC: 00000010	SP: 00000000
A: 0000002d	B: 00000032	PC: 00000011	SP: 00000000
A: 00000032	B: 0000002d	PC: 00000012	SP: 00000000
A: 00000000	B: 0000002d	PC: 00000013	SP: 00000000
A: 000000fc	B: 00000000	PC: 00000014	SP: 00000000
A: ffffff04	B: 00000000	PC: 00000015	SP: 00000000
A: ffffff04	B: 00000000	PC: 00000016	SP: 00000000
A: 00000032	B: ffffff04	PC: 00000017	SP: 00000000
A: 00000001	B: 00000032	PC: 00000018	SP: 00000000
A: 00000033	B: 00000032	PC: 00000019	SP: 00000000
A: 00000032	B: 00000032	PC: 0000001a	SP: 00000000
A: 00000032	B: 00000032	PC: 0000000d	SP: 00000000
A: 00000033	B: 00000032	PC: 0000000e	SP: 00000000
A: 00000005	B: 00000033	PC: 0000000f	SP: 00000000
A: 0000002e	B: 00000033	PC: 00000010	SP: 00000000
A: 0000002e	B: 00000033	PC: 00000011	SP: 00000000
A: 00000033	B: 0000002e	PC: 00000012	SP: 00000000
A: 00000000	B: 0000002e	PC: 00000013	SP: 00000000
A: 000000fc	B: 00000000	PC: 00000014	SP: 00000000
A: ffffff04	B: 00000000	PC: 00000015	SP: 00000000
A: ffffff04	B: 00000000	PC: 00000016	SP: 00000000
A: 00000033	B: ffffff04	PC: 00000017	SP: 00000000
A: 00000001	B: 00000033	PC: 00000018	SP: 00000000
A: 00000034	B: 00000033	PC: 00000019	SP: 00000000
A: 00000033	B: 00000033	PC: 0000001a	SP: 00000000
A: 00000033	B: 00000033	PC: 0000000d	SP: 00000000
A: 00000034	B: 00000033	PC: 0000000e	SP: 00000000
A: 00000005	B: 00000034	PC: 0000000f	SP: 00000000
A: 0000002f	B: 00000034	PC: 00000010	SP: 00000000
A: 0000002f	B: 00000034	PC: 00000011	SP: 00000000
A: 00000034	B: 0000002f	PC: 00000012	SP: 00000000
A: 00000000	B: 0000002f	PC: 00000013	SP: 00000000
A: 000000fc	B: 00000000	PC: 00000014	SP: 00000000
A: ffffff04	B: 00000000	PC: 00000015	SP: 00000000
A: ffffff04	B: 00000000	PC: 00000016	SP: 00000000
A: 00000034	B: ffffff04	PC: 00000017	SP: 00000000
A: 00000001	B: 00000034	PC: 00000018	SP: 00000000
A: 00000035	B: 00000034	PC: 00000019	SP: 00000000
A: 00000034	B: 00000034	PC: 0000001a	SP: 00000000
A: 00000034	B: 00000034	PC: 0000000d	SP: 00000000
A: 00000035	B: 00000034	PC: 0000000e	SP: 00000000
A: 00000005	B: 00000035	PC: 0000000f	SP: 00000000
A: 00000030	B: 00000035	PC: 00000010	SP: 00000000
A: 00000030	B: 00000035	PC: 00000011	SP: 00000000
A: 00000035	B: 00000030	PC: 00000012	SP: 00000000
A: 00000000	B: 00000030	PC: 00000013	SP: 00000000
A: 000000fc	B: 00000000	PC: 00000014	SP: 00000000
A: ffffff04	B: 00000000	PC: 00000015	SP: 00000000
A: ffffff04	B: 00000000	PC: 00000016	SP: 00000000
A: 00000035	B: ffffff04	PC: 00000017	SP: 00000000
A: 00000001	B: 00000035	PC: 00000018	SP: 00000000
A: 00000036	B: 00000035	PC: 00000019	SP: 00000000
A: 00000035	B: 00000035	PC: 0000001a	SP: 00000000
A: 00000035	B: 00000035	PC: 0000000d	SP: 00000000
A: 00000036	B: 00000035	PC: 0000000e	SP: 00000000
A: 00000005	B: 00000036	PC: 0000000f	SP: 00000000
A: 00000031	B: 00000036	PC: 00000010	SP: 00000000
A: 00000031	B: 00000036	PC: 00000011	SP: 00000000
A: 00000036	B: 00000031	PC: 00000012	SP: 00000000
A: 00000000	B: 00000031	PC: 00000013	SP: 00000000
A: 000000fc	B: 00000000	PC: 00000014	SP: 00000000
A: ffffff04	B: 00000000	PC: 00000015	SP: 00000000
A: ffffff04	B: 00000000	PC: 00000016	SP: 00000000
A: 00000036	B: ffffff04	PC: 00000017	SP: 00000000
A: 00000001	B: 00000036	PC: 00000018	SP: 00000000
A: 00000037	B: 00000036	PC: 00000019	SP: 00000000
A: 00000036	B: 00000036	PC: 0000001a	SP: 00000000
A: 00000036	B: 00000036	PC: 0000000d	SP: 00000000
A: 00000037	B: 00000036	PC: 0000000e	SP: 00000000
A: 00000005	B: 00000037	PC: 0000000f	SP: 00000000
A: 00000032	B: 00000037	PC: 00000010	SP: 00000000
A: 00000032	B: 00000037	PC: 00000011	SP: 00000000
A: 00000037	B: 00000032	PC: 00000012	SP: 00000000
A: 00000000	B: 00000032	PC: 00000013	SP: 00000000
A: 000000fc	B: 00000000	PC: 00000014	SP: 00000000
A: ffffff04	B: 00000000	PC: 00000015	SP: 00000000
A: ffffff04	B: 00000000	PC: 00000016	SP: 00000000
A: 00000037	B: ffffff04	PC: 00000017	SP: 00000000
A: 00000001	B: 00000037	PC: 00000018	SP: 00000000
A: 00000038	B: 00000037	PC: 00000019	SP: 00000000
A: 00000037	B: 00000037	PC: 0000001a	SP: 00000000
A: 00000037	B: 00000037	PC: 0000000d	SP: 00000000
A: 00000038	B: 00000037	PC: 0000000e	SP: 00000000
A: 00000005	B: 00000038	PC: 0000000f	SP: 00000000
A: 00000033	B: 00000038	PC: 00000010	SP: 00000000
A: 00000033	B: 00000038	PC: 00000011	SP: 00000000
A: 00000038	B: 00000033	PC: 00000012	SP: 00000000
A: 00000000	B: 00000033	PC: 00000013	SP: 00000000
A: 000000fc	B: 00000000	PC: 00000014	SP: 00000000
A: ffffff04	B: 00000000	PC: 00000015	SP: 00000000
A: ffffff04	B: 00000000	PC: 00000016	SP: 00000000
A: 00000038	B: ffffff04	PC: 00000017	SP: 00000000
A: 00000001	B: 00000038	PC: 00000018	SP: 00000000
A: 00000039	B: 00000038	PC: 00000019	SP: 00000000
A: 00000038	B: 00000038	PC: 0000001a	SP: 00000000
A: 00000038	B: 00000038	PC: 0000000d	SP: 00000000
A: 00000039	B: 00000038	PC: 0000000e	SP: 00000000
A: 00000005	B: 00000039	PC: 0000000f	SP: 00000000
A: 00000034	B: 00000039	PC: 00000010	SP: 00000000
A: 00000034	B: 00000039	PC: 00000011	SP: 00000000
A: 00000039	B: 00000034	PC: 00000012	SP: 00000000
A: 00000000	B: 00000034	PC: 00000013	SP: 00000000
A: 000000fc	B: 00000000	PC: 00000014	SP: 00000000
A: ffffff04	B: 00000000	PC: 00000015	SP: 00000000
A: ffffff04	B: 00000000	PC: 00000016	SP: 00000000
A: 00000039	B: ffffff04	PC: 00000017	SP: 00000000
A: 00000001	B: 00000039	PC: 00000018	SP: 00000000
A: 0000003a	B: 00000039	PC: 00000019	SP: 00000000
A: 00000039	B: 00000039	PC: 0000001a	SP: 00000000
A: 00000039	B: 00000039	PC: 0000000d	SP: 00000000
A: 0000003a	B: 00000039	PC: 0000000e	SP: 00000000
A: 00000005	B: 0000003a	PC: 0000000f	SP: 00000000
A: 00000035	B: 0000003a	PC: 00000010	SP: 00000000
A: 00000035	B: 0000003a	PC: 00000011	SP: 00000000
A: 0000003a	B: 00000035	PC: 00000012	SP: 00000000
A: 00000000	B: 00000035	PC: 00000013	SP: 00000000
A: 000000fc	B: 00000000	PC: 00000014	SP: 00000000
A: ffffff04	B: 00000000	PC: 00000015	SP: 00000000
A: ffffff04	B: 00000000	PC: 00000016	SP: 00000000
A: 0000003a	B: ffffff04	PC: 00000017	SP: 00000000
A: 00000001	B: 0000003a	PC: 00000018	SP: 00000000
A: 0000003b	B: 0000003a	PC: 00000019	SP: 00000000
A: 0000003a	B: 0000003a	PC: 0000001a	SP: 00000000
A: 0000003a	B: 0000003a	PC: 0000000d	SP: 00000000
A: 0000003b	B: 0000003a	PC: 0000000e	SP: 00000000
A: 00000005	B: 0000003b	PC: 0000000f	SP: 00000000
A: 00000036	B: 0000003b	PC: 00000010	SP: 00000000
A: 00000036	B: 0000003b	PC: 00000011	SP: 00000000
A: 0000003b	B: 00000036	PC: 00000012	SP: 00000000
A: 00000000	B: 00000036	PC: 00000013	SP: 00000000
A: 000000fc	B: 00000000	PC: 00000014	SP: 00000000
A: ffffff04	B: 00000000	PC: 00000015	SP: 00000000
A: ffffff04	B: 00000000	PC: 00000016	SP: 00000000
A: 0000003b	B: ffffff04	PC: 00000017	SP: 00000000
A: 00000001	B: 0000003b	PC: 00000018	SP: 00000000
A: 0000003c	B: 0000003b	PC: 00000019	SP: 00000000
A: 0000003b	B: 0000003b	PC: 0000001a	SP: 00000000
A: 0000003b	B: 0000003b	PC: 0000000d	SP: 00000000
A: 0000003c	B: 0000003b	PC: 0000000e	SP: 00000000
A: 00000005	B: 0000003c	PC: 0000000f	SP: 00000000
A: 00000037	B: 0000003c	PC: 00000010	SP: 00000000
A: 00000037	B: 0000003c	PC: 00000011	SP: 00000000
A: 0000003c	B: 00000037	PC: 00000012	SP: 00000000
A: 00000000	B: 00000037	PC: 00000013	SP: 00000000
A: 000000fc	B: 00000000	PC: 00000014	SP: 00000000
A: ffffff04	B: 00000000	PC: 00000015	SP: 00000000
A: ffffff04	B: 00000000	PC: 00000016	SP: 00000000
A: 0000003c	B: ffffff04	PC: 00000017	SP: 00000000
A: 00000001	B: 0000003c	PC: 00000018	SP: 00000000
A: 0000003d	B: 0000003c	PC: 00000019	SP: 00000000
A: 0000003c	B: 0000003c	PC: 0000001a	SP: 00000000
A: 0000003c	B: 0000003c	PC: 0000000d	SP: 00000000
A: 0000003d	B: 0000003c	PC: 0000000e	SP: 00000000
A: 00000005	B: 0000003d	PC: 0000000f	SP: 00000000
A: 00000038	B: 0000003d	PC: 00000010	SP: 00000000
A: 00000038	B: 0000003d	PC: 00000011	SP: 00000000
A: 0000003d	B: 00000038	PC: 00000012	SP: 00000000
A: 00000000	B: 00000038	PC: 00000013	SP: 00000000
A: 000000fc	B: 00000000	PC: 00000014	SP: 00000000
A: ffffff04	B: 00000000	PC: 00000015	SP: 00000000
A: ffffff04	B: 00000000	PC: 00000016	SP: 00000000
A: 0000003d	B: ffffff04	PC: 00000017	SP: 00000000
A: 00000001	B: 0000003d	PC: 00000018	SP: 00000000
A: 0000003e	B: 0000003d	PC: 00000019	SP: 00000000
A: 0000003d	B: 0000003d	PC: 0000001a	SP: 00000000
A: 0000003d	B: 0000003d	PC: 0000000d	SP: 00000000
A: 0000003e	B: 0000003d	PC: 0000000e	SP: 00000000
A: 00000005	B: 0000003e	PC: 0000000f	SP: 00000000
A: 00000039	B: 0000003e	PC: 00000010	SP: 00000000
A: 00000039	B: 0000003e	PC: 00000011	SP: 00000000
A: 0000003e	B: 00000039	PC: 00000012	SP: 00000000
A: 00000000	B: 00000039	PC: 00000013	SP: 00000000
A: 000000fc	B: 00000000	PC: 00000014	SP: 00000000
A: ffffff04	B: 00000000	PC: 00000015	SP: 00000000
A: ffffff04	B: 00000000	PC: 00000016	SP: 00000000
A: 0000003e	B: ffffff04	PC: 00000017	SP: 00000000
A: 00000001	B: 0000003e	PC: 00000018	SP: 00000000
A: 0000003f	B: 0000003e	PC: 00000019	SP: 00000000
A: 0000003e	B: 0000003e	PC: 0000001a	SP: 00000000
A: 0000003e	B: 0000003e	PC: 0000000d	SP: 00000000
A: 0000003f	B: 0000003e	PC: 0000000e	SP: 00000000
A: 00000005	B: 0000003f	PC: 0000000f	SP: 00000000
A: 0000003a	B: 0000003f	PC: 00000010	SP: 00000000
A: 0000003a	B: 0000003f	PC: 00000011	SP: 00000000
A: 0000003f	B: 0000003a	PC: 00000012	SP: 00000000
A: 00000000	B: 0000003a	PC: 00000013	SP: 00000000
A: 000000fc	B: 00000000	PC: 00000014	SP: 00000000
A: ffffff04	B: 00000000	PC: 00000015	SP: 00000000
A: ffffff04	B: 00000000	PC: 00000016	SP: 00000000
A: 0000003f	B: ffffff04	PC: 00000017	SP: 00000000
A: 00000001	B: 0000003f	PC: 00000018	SP: 00000000
A: 00000040	B: 0000003f	PC: 00000019	SP: 00000000
A: 0000003f	B: 0000003f	PC: 0000001a	SP: 00000000
A: 0000003f	B: 0000003f	PC: 0000000d	SP: 00000000
A: 00000040	B: 0000003f	PC: 0000000e	SP: 00000000
A: 00000005	B: 00000040	PC: 0000000f	SP: 00000000
A: 0000003b	B: 00000040	PC: 00000010	SP: 00000000
A: 0000003b	B: 00000040	PC: 00000011	SP: 00000000
A: 00000040	B: 0000003b	PC: 00000012	SP: 00000000
A: 00000000	B: 0000003b	PC: 00000013	SP: 00000000
A: 000000fc	B: 00000000	PC: 00000014	SP: 00000000
A: ffffff04	B: 00000000	PC: 00000015	SP: 00000000
A: ffffff04	B: 00000000	PC: 00000016	SP: 00000000
A: 00000040	B: ffffff04	PC: 00000017	SP: 00000000
A: 00000001	B: 00000040	PC: 00000018	SP: 00000000
A: 00000041	B: 00000040	PC: 00000019	SP: 00000000
A: 00000040	B: 00000040	PC: 0000001a	SP: 00000000
A: 00000040	B: 00000040	PC: 0000000d	SP: 00000000
A: 00000041	B: 00000040	PC: 0000000e	SP: 00000000
A: 00000005	B: 00000041	PC: 0000000f	SP: 00000000
A: 0000003c	B: 00000041	PC: 00000010	SP: 00000000
A: 0000003c	B: 00000041	PC: 00000011	SP: 00000000
A: 00000041	B: 0000003c	PC: 00000012	SP: 00000000
A: 00000000	B: 0000003c	PC: 00000013	SP: 00000000
A: 000000fc	B: 00000000	PC: 00000014	SP: 00000000
A: ffffff04	B: 00000000	PC: 00000015	SP: 00000000
A: ffffff04	B: 00000000	PC: 00000016	SP: 00000000
A: 00000041	B: ffffff04	PC: 00000017	SP: 00000000
A: 00000001	B: 00000041	PC: 00000018	SP: 00000000
A: 00000042	B: 00000041	PC: 00000019	SP: 00000000
A: 00000041	B: 00000041	PC: 0000001a	SP: 00000000
A: 00000041	B: 00000041	PC: 0000000d	SP: 00000000
A: 00000042	B: 00000041	PC: 0000000e	SP: 00000000
A: 00000005	B: 00000042	PC: 0000000f	SP: 00000000
A: 0000003d	B: 00000042	PC: 00000010	SP: 00000000
A: 0000003d	B: 00000042	PC: 00000011	SP: 00000000
A: 00000042	B: 0000003d	PC: 00000012	SP: 00000000
A: 00000000	B: 0000003d	PC: 00000013	SP: 00000000
A: 000000fc	B: 00000000	PC: 00000014	SP: 00000000
A: ffffff04	B: 00000000	PC: 00000015	SP: 00000000
A: ffffff04	B: 00000000	PC: 00000016	SP: 00000000
A: 00000042	B: ffffff04	PC: 00000017	SP: 00000000
A: 00000001	B: 00000042	PC: 00000018	SP: 00000000
A: 00000043	B: 00000042	PC: 00000019	SP: 00000000
A: 00000042	B: 00000042	PC: 0000001a	SP: 00000000
A: 00000042	B: 00000042	PC: 0000000d	SP: 00000000
A: 00000043	B: 00000042	PC: 0000000e	SP: 00000000
A: 00000005	B: 00000043	PC: 0000000f	SP: 00000000
A: 0000003e	B: 00000043	PC: 00000010	SP: 00000000
A: 0000003e	B: 00000043	PC: 00000011	SP: 00000000
A: 00000043	B: 0000003e	PC: 00000012	SP: 00000000
A: 00000000	B: 0000003e	PC: 00000013	SP: 00000000
A: 000000fc	B: 00000000	PC: 00000014	SP: 00000000
A: ffffff04	B: 00000000	PC: 00000015	SP: 00000000
A: ffffff04	B: 00000000	PC: 00000016	SP: 00000000
A: 00000043	B: ffffff04	PC: 00000017	SP: 00000000
A: 00000001	B: 00000043	PC: 00000018	SP: 00000000
A: 00000044	B: 00000043	PC: 00000019	SP: 00000000
A: 00000043	B: 00000043	PC: 0000001a	SP: 00000000
A: 00000043	B: 00000043	PC: 0000000d	SP: 00000000
A: 00000044	B: 00000043	PC: 0000000e	SP: 00000000
A: 00000005	B: 00000044	PC: 0000000f	SP: 00000000
A: 0000003f	B: 00000044	PC: 00000010	SP: 00000000
A: 0000003f	B: 00000044	PC: 00000011	SP: 00000000
A: 00000044	B: 0000003f	PC: 00000012	SP: 00000000
A: 00000000	B: 0000003f	PC: 00000013	SP: 00000000
A: 000000fc	B: 00000000	PC: 00000014	SP: 00000000
A: ffffff04	B: 00000000	PC: 00000015	SP: 00000000
A: ffffff04	B: 00000000	PC: 00000016	SP: 00000000
A: 00000044	B: ffffff04	PC: 00000017	SP: 00000000
A: 00000001	B: 00000044	PC: 00000018	SP: 00000000
A: 00000045	B: 00000044	PC: 00000019	SP: 00000000
A: 00000044	B: 00000044	PC: 0000001a	SP: 00000000
A: 00000044	B: 00000044	PC: 0000000d	SP: 00000000
A: 00000045	B: 00000044	PC: 0000000e	SP: 00000000
A: 00000005	B: 00000045	PC: 0000000f	SP: 00000000
A: 00000040	B: 00000045	PC: 00000010	SP: 00000000
A: 00000040	B: 00000045	PC: 00000011	SP: 00000000
A: 00000045	B: 00000040	PC: 00000012	SP: 00000000
A: 00000000	B: 00000040	PC: 00000013	SP: 00000000
A: 000000fc	B: 00000000	PC: 00000014	SP: 00000000
A: ffffff04	B: 00000000	PC: 00000015	SP: 00000000
A: ffffff04	B: 00000000	PC: 00000016	SP: 00000000
A: 00000045	B: ffffff04	PC: 00000017	SP: 00000000
A: 00000001	B: 00000045	PC: 00000018	SP: 00000000
A: 00000046	B: 00000045	PC: 00000019	SP: 00000000
A: 00000045	B: 00000045	PC: 0000001a	SP: 00000000
A: 00000045	B: 00000045	PC: 0000000d	SP: 00000000
A: 00000046	B: 00000045	PC: 0000000e	SP: 00000000
A: 00000005	B: 00000046	PC: 0000000f	SP: 00000000
A: 00000041	B: 00000046	PC: 00000010	SP: 00000000
A: 00000041	B: 00000046	PC: 00000011	SP: 00000000
A: 00000046	B: 00000041	PC: 00000012	SP: 00000000
A: 00000000	B: 00000041	PC: 00000013	SP: 00000000
A: 000000fc	B: 00000000	PC: 00000014	SP: 00000000
A: ffffff04	B: 00000000	PC: 00000015	SP: 00000000
A: ffffff04	B: 00000000	PC: 00000016	SP: 00000000
A: 00000046	B: ffffff04	PC: 00000017	SP: 00000000
A: 00000001	B: 00000046	PC: 00000018	SP: 00000000
A: 00000047	B: 00000046	PC: 00000019	SP: 00000000
A: 00000046	B: 00000046	PC: 0000001a	SP: 00000000
A: 00000046	B: 00000046	PC: 0000000d	SP: 00000000
A: 00000047	B: 00000046	PC: 0000000e	SP: 00000000
A: 00000005	B: 00000047	PC: 0000000f	SP: 00000000
A: 00000042	B: 00000047	PC: 00000010	SP: 00000000
A: 00000042	B: 00000047	PC: 00000011	SP: 00000000
A: 00000047	B: 00000042	PC: 00000012	SP: 00000000
A: 00000000	B: 00000042	PC: 00000013	SP: 00000000
A: 000000fc	B: 00000000	PC: 00000014	SP: 00000000
A: ffffff04	B: 00000000	PC: 00000015	SP: 00000000
A: ffffff04	B: 00000000	PC: 00000016	SP: 00000000
A: 00000047	B: ffffff04	PC: 00000017	SP: 00000000
A: 00000001	B: 00000047	PC: 00000018	SP: 00000000
A: 00000048	B: 00000047	PC: 00000019	SP: 00000000
A: 00000047	B: 00000047	PC: 0000001a	SP: 00000000
A: 00000047	B: 00000047	PC: 0000000d	SP: 00000000
A: 00000048	B: 00000047	PC: 0000000e	SP: 00000000
A: 00000005	B: 00000048	PC: 0000000f	SP: 00000000
A: 00000043	B: 00000048	PC: 00000010	SP: 00000000
A: 00000043	B: 00000048	PC: 00000011	SP: 00000000
A: 00000048	B: 00000043	PC: 00000012	SP: 00000000
A: 00000000	B: 00000043	PC: 00000013	SP: 00000000
A: 000000fc	B: 00000000	PC: 00000014	SP: 00000000
A: ffffff04	B: 00000000	PC: 00000015	SP: 00000000
A: ffffff04	B: 00000000	PC: 00000016	SP: 00000000
A: 00000048	B: ffffff04	PC: 00000017	SP: 00000000
A: 00000001	B: 00000048	PC: 00000018	SP: 00000000
A: 00000049	B: 00000048	PC: 00000019	SP: 00000000
A: 00000048	B: 00000048	PC: 0000001a	SP: 00000000
A: 00000048	B: 00000048	PC: 0000000d	SP: 00000000
A: 00000049	B: 00000048	PC: 0000000e	SP: 00000000
A: 00000005	B: 00000049	PC: 0000000f	SP: 00000000
A: 00000044	B: 00000049	PC: 00000010	SP: 00000000
A: 00000044	B: 00000049	PC: 00000011	SP: 00000000
A: 00000049	B: 00000044	PC: 00000012	SP: 00000000
A: 00000000	B: 00000044	PC: 00000013	SP: 00000000
A: 000000fc	B: 00000000	PC: 00000014	SP: 00000000
A: ffffff04	B: 00000000	PC: 00000015	SP: 00000000
A: ffffff04	B: 00000000	PC: 00000016	SP: 00000000
A: 00000049	B: ffffff04	PC: 00000017	SP: 00000000
A: 00000001	B: 00000049	PC: 00000018	SP: 00000000
A: 0000004a	B: 00000049	PC: 00000019	SP: 00000000
A: 00000049	B: 00000049	PC: 0000001a	SP: 00000000
A: 00000049	B: 00000049	PC: 0000000d	SP: 00000000
A: 0000004a	B: 00000049	PC: 0000000e	SP: 00000000
A: 00000005	B: 0000004a	PC: 0000000f	SP: 00000000
A: 00000045	B: 0000004a	PC: 00000010	SP: 00000000
A: 00000045	B: 0000004a	PC: 00000011	SP: 00000000
A: 0000004a	B: 00000045	PC: 00000012	SP: 00000000
A: 00000000	B: 00000045	PC: 00000013	SP: 00000000
A: 000000fc	B: 00000000	PC: 00000014	SP: 00000000
A: ffffff04	B: 00000000	PC: 00000015	SP: 00000000
A: ffffff04	B: 00000000	PC: 00000016	SP: 00000000
A: 0000004a	B: ffffff04	PC: 00000017	SP: 00000000
A: 00000001	B: 0000004a	PC: 00000018	SP: 00000000
A: 0000004b	B: 0000004a	PC: 00000019	SP: 00000000
A: 0000004a	B: 0000004a	PC: 0000001a	SP: 00000000
A: 0000004a	B: 0000004a	PC: 0000000d	SP: 00000000
A: 0000004b	B: 0000004a	PC: 0000000e	SP: 00000000
A: 00000005	B: 0000004b	PC: 0000000f	SP: 00000000
A: 00000046	B: 0000004b	PC: 00000010	SP: 00000000
A: 00000046	B: 0000004b	PC: 00000011	SP: 00000000
A: 0000004b	B: 00000046	PC: 00000012	SP: 00000000
A: 00000000	B: 00000046	PC: 00000013	SP: 00000000
A: 000000fc	B: 00000000	PC: 00000014	SP: 00000000
A: ffffff04	B: 00000000	PC: 00000015	SP: 00000000
A: ffffff04	B: 00000000	PC: 00000016	SP: 00000000
A: 0000004b	B: ffffff04	PC: 00000017	SP: 00000000
A: 00000001	B: 0000004b	PC: 00000018	SP: 00000000
A: 0000004c	B: 0000004b	PC: 00000019	SP: 00000000
A: 0000004b	B: 0000004b	PC: 0000001a	SP: 00000000
A: 0000004b	B: 0000004b	PC: 0000000d	SP: 00000000
A: 0000004c	B: 0000004b	PC: 0000000e	SP: 00000000
A: 00000005	B: 0000004c	PC: 0000000f	SP: 00000000
A: 00000047	B: 0000004c	PC: 00000010	SP: 00000000
A: 00000047	B: 0000004c	PC: 00000011	SP: 00000000
A: 0000004c	B: 00000047	PC: 00000012	SP: 00000000
A: 00000000	B: 00000047	PC: 00000013	SP: 00000000
A: 000000fc	B: 00000000	PC: 00000014	SP: 00000000
A: ffffff04	B: 00000000	PC: 00000015	SP: 00000000
A: ffffff04	B: 00000000	PC: 00000016	SP: 00000000
A: 0000004c	B: ffffff04	PC: 00000017	SP: 00000000
A: 00000001	B: 0000004c	PC: 00000018	SP: 00000000
A: 0000004d	B: 0000004c	PC: 00000019	SP: 00000000
A: 0000004c	B: 0000004c	PC: 0000001a	SP: 00000000
A: 0000004c	B: 0000004c	PC: 0000000d	SP: 00000000
A: 0000004d	B: 0000004c	PC: 0000000e	SP: 00000000
A: 00000005	B: 0000004d	PC: 0000000f	SP: 00000000
A: 00000048	B: 0000004d	PC: 00000010	SP: 00000000
A: 00000048	B: 0000004d	PC: 00000011	SP: 00000000
A: 0000004d	B: 00000048	PC: 00000012	SP: 00000000
A: 00000000	B: 00000048	PC: 00000013	SP: 00000000
A: 000000fc	B: 00000000	PC: 00000014	SP: 00000000
A: ffffff04	B: 00000000	PC: 00000015	SP: 00000000
A: ffffff04	B: 00000000	PC: 00000016	SP: 00000000
A: 0000004d	B: ffffff04	PC: 00000017	SP: 00000000
A: 00000001	B: 0000004d	PC: 00000018	SP: 00000000
A: 0000004e	B: 0000004d	PC: 00000019	SP: 00000000
A: 0000004d	B: 0000004d	PC: 0000001a	SP: 00000000
A: 0000004d	B: 0000004d	PC: 0000000d	SP: 00000000
A: 0000004e	B: 0000004d	PC: 0000000e	SP: 00000000
A: 00000005	B: 0000004e	PC: 0000000f	SP: 00000000
A: 00000049	B: 0000004e	PC: 00000010	SP: 00000000
A: 00000049	B: 0000004e	PC: 00000011	SP: 00000000
A: 0000004e	B: 00000049	PC: 00000012	SP: 00000000
A: 00000000	B: 00000049	PC: 00000013	SP: 00000000
A: 000000fc	B: 00000000	PC: 00000014	SP: 00000000
A: ffffff04	B: 00000000	PC: 00000015	SP: 00000000
A: ffffff04	B: 00000000	PC: 00000016	SP: 00000000
A: 0000004e	B: ffffff04	PC: 00000017	SP: 00000000
A: 00000001	B: 0000004e	PC: 00000018	SP: 00000000
A: 0000004f	B: 0000004e	PC: 00000019	SP: 00000000
A: 0000004e	B: 0000004e	PC: 0000001a	SP: 00000000
A: 0000004e	B: 0000004e	PC: 0000000d	SP: 00000000
A: 0000004f	B: 0000004e	PC: 0000000e	SP: 00000000
A: 00000005	B: 0000004f	PC: 0000000f	SP: 00000000
A: 0000004a	B: 0000004f	PC: 00000010	SP: 00000000
A: 0000004a	B: 0000004f	PC: 00000011	SP: 00000000
A: 0000004f	B: 0000004a	PC: 00000012	SP: 00000000
A: 00000000	B: 0000004a	PC: 00000013	SP: 00000000
A: 000000fc	B: 00000000	PC: 00000014	SP: 00000000
A: ffffff04	B: 00000000	PC: 00000015	SP: 00000000
A: ffffff04	B: 00000000	PC: 00000016	SP: 00000000
A: 0000004f	B: ffffff04	PC: 00000017	SP: 00000000
A: 00000001	B: 0000004f	PC: 00000018	SP: 00000000
A: 00000050	B: 0000004f	PC: 00000019	SP: 00000000
A: 0000004f	B: 0000004f	PC: 0000001a	SP: 00000000
A: 0000004f	B: 0000004f	PC: 0000000d	SP: 00000000
A: 00000050	B: 0000004f	PC: 0000000e	SP: 00000000
A: 00000005	B: 00000050	PC: 0000000f	SP: 00000000
A: 0000004b	B: 00000050	PC: 00000010	SP: 00000000
A: 0000004b	B: 00000050	PC: 00000011	SP: 00000000
A: 00000050	B: 0000004b	PC: 00000012	SP: 00000000
A: 00000000	B: 0000004b	PC: 00000013	SP: 00000000
A: 000000fc	B: 00000000	PC: 00000014	SP: 00000000
A: ffffff04	B: 00000000	PC: 00000015	SP: 00000000
A: ffffff04	B: 00000000	PC: 00000016	SP: 00000000
A: 00000050	B: ffffff04	PC: 00000017	SP: 00000000
A: 00000001	B: 00000050	PC: 00000018	SP: 00000000
A: 00000051	B: 00000050	PC: 00000019	SP: 00000000
A: 00000050	B: 00000050	PC: 0000001a	SP: 00000000
A: 00000050	B: 00000050	PC: 0000000d	SP: 00000000
A: 00000051	B: 00000050	PC: 0000000e	SP: 00000000
A: 00000005	B: 00000051	PC: 0000000f	SP: 00000000
A: 0000004c	B: 00000051	PC: 00000010	SP: 00000000
A: 0000004c	B: 00000051	PC: 00000011	SP: 00000000
A: 00000051	B: 0000004c	PC: 00000012	SP: 00000000
A: 00000000	B: 0000004c	PC: 00000013	SP: 00000000
A: 000000fc	B: 00000000	PC: 00000014	SP: 00000000
A: ffffff04	B: 00000000	PC: 00000015	SP: 00000000
A: ffffff04	B: 00000000	PC: 00000016	SP: 00000000
A: 00000051	B: ffffff04	PC: 00000017	SP: 00000000
A: 00000001	B: 00000051	PC: 00000018	SP: 00000000
A: 00000052	B: 00000051	PC: 00000019	SP: 00000000
A: 00000051	B: 00000051	PC: 0000001a	SP: 00000000
A: 00000051	B: 00000051	PC: 0000000d	SP: 00000000
A: 00000052	B: 00000051	PC: 0000000e	SP: 00000000
A: 00000005	B: 00000052	PC: 0000000f	SP: 00000000
A: 0000004d	B: 00000052	PC: 00000010	SP: 00000000
A: 0000004d	B: 00000052	PC: 00000011	SP: 00000000
A: 00000052	B: 0000004d	PC: 00000012	SP: 00000000
A: 00000000	B: 0000004d	PC: 00000013	SP: 00000000
A: 000000fc	B: 00000000	PC: 00000014	SP: 00000000
A: ffffff04	B: 00000000	PC: 00000015	SP: 00000000
A: ffffff04	B: 00000000	PC: 00000016	SP: 00000000
A: 00000052	B: ffffff04	PC: 00000017	SP: 00000000
A: 00000001	B: 00000052	PC: 00000018	SP: 00000000
A: 00000053	B: 00000052	PC: 00000019	SP: 00000000
A: 00000052	B: 00000052	PC: 0000001a	SP: 00000000
A: 00000052	B: 00000052	PC: 0000000d	SP: 00000000
A: 00000053	B: 00000052	PC: 0000000e	SP: 00000000
A: 00000005	B: 00000053	PC: 0000000f	SP: 00000000
A: 0000004e	B: 00000053	PC: 00000010	SP: 00000000
A: 0000004e	B: 00000053	PC: 00000011	SP: 00000000
A: 00000053	B: 0000004e	PC: 00000012	SP: 00000000
A: 00000000	B: 0000004e	PC: 00000013	SP: 00000000
A: 000000fc	B: 00000000	PC: 00000014	SP: 00000000
A: ffffff04	B: 00000000	PC: 00000015	SP: 00000000
A: ffffff04	B: 00000000	PC: 00000016	SP: 00000000
A: 00000053	B: ffffff04	PC: 00000017	SP: 00000000
A: 00000001	B: 00000053	PC: 00000018	SP: 00000000
A: 00000054	B: 00000053	PC: 00000019	SP: 00000000
A: 00000053	B: 00000053	PC: 0000001a	SP: 00000000
A: 00000053	B: 00000053	PC: 0000000d	SP: 00000000
A: 00000054	B: 00000053	PC: 0000000e	SP: 00000000
A: 00000005	B: 00000054	PC: 0000000f	SP: 00000000
A: 0000004f	B: 00000054	PC: 00000010	SP: 00000000
A: 0000004f	B: 00000054	PC: 00000011	SP: 00000000
A: 00000054	B: 0000004f	PC: 00000012	SP: 00000000
A: 00000000	B: 0000004f	PC: 00000013	SP: 00000000
A: 000000fc	B: 00000000	PC: 00000014	SP: 00000000
A: ffffff04	B: 00000000	PC: 00000015	SP: 00000000
A: ffffff04	B: 00000000	PC: 00000016	SP: 00000000
A: 00000054	B: ffffff04	PC: 00000017	SP: 00000000
A: 00000001	B: 00000054	PC: 00000018	SP: 00000000
A: 00000055	B: 00000054	PC: 00000019	SP: 00000000
A: 00000054	B: 00000054	PC: 0000001a	SP: 00000000
A: 00000054	B: 00000054	PC: 0000000d	SP: 00000000
A: 00000055	B: 00000054	PC: 0000000e	SP: 00000000
A: 00000005	B: 00000055	PC: 0000000f	SP: 00000000
A: 00000050	B: 00000055	PC: 00000010	SP: 00000000
A: 00000050	B: 00000055	PC: 00000011	SP: 00000000
A: 00000055	B: 00000050	PC: 00000012	SP: 00000000
A: 00000000	B: 00000050	PC: 00000013	SP: 00000000
A: 000000fc	B: 00000000	PC: 00000014	SP: 00000000
A: ffffff04	B: 00000000	PC: 00000015	SP: 00000000
A: ffffff04	B: 00000000	PC: 00000016	SP: 00000000
A: 00000055	B: ffffff04	PC: 00000017	SP: 00000000
A: 00000001	B: 00000055	PC: 00000018	SP: 00000000
A: 00000056	B: 00000055	PC: 00000019	SP: 00000000
A: 00000055	B: 00000055	PC: 0000001a	SP: 00000000
A: 00000055	B: 00000055	PC: 0000000d	SP: 00000000
A: 00000056	B: 00000055	PC: 0000000e	SP: 00000000
A: 00000005	B: 00000056	PC: 0000000f	SP: 00000000
A: 00000051	B: 00000056	PC: 00000010	SP: 00000000
A: 00000051	B: 00000056	PC: 00000011	SP: 00000000
A: 00000056	B: 00000051	PC: 00000012	SP: 00000000
A: 00000000	B: 00000051	PC: 00000013	SP: 00000000
A: 000000fc	B: 00000000	PC: 00000014	SP: 00000000
A: ffffff04	B: 00000000	PC: 00000015	SP: 00000000
A: ffffff04	B: 00000000	PC: 00000016	SP: 00000000
A: 00000056	B: ffffff04	PC: 00000017	SP: 00000000
A: 00000001	B: 00000056	PC: 00000018	SP: 00000000
A: 00000057	B: 00000056	PC: 00000019	SP: 00000000
A: 00000056	B: 00000056	PC: 0000001a	SP: 00000000
A: 00000056	B: 00000056	PC: 0000000d	SP: 00000000
A: 00000057	B: 00000056	PC: 0000000e	SP: 00000000
A: 00000005	B: 00000057	PC: 0000000f	SP: 00000000
A: 00000052	B: 00000057	PC: 00000010	SP: 00000000
A: 00000052	B: 00000057	PC: 00000011	SP: 00000000
A: 00000057	B: 00000052	PC: 00000012	SP: 00000000
A: 00000000	B: 00000052	PC: 00000013	SP: 00000000
A: 000000fc	B: 00000000	PC: 00000014	SP: 00000000
A: ffffff04	B: 00000000	PC: 00000015	SP: 00000000
A: ffffff04	B: 00000000	PC: 00000016	SP: 00000000
A: 00000057	B: ffffff04	PC: 00000017	SP: 00000000
A: 00000001	B: 00000057	PC: 00000018	SP: 00000000
A: 00000058	B: 00000057	PC: 00000019	SP: 00000000
A: 00000057	B: 00000057	PC: 0000001a	SP: 00000000
A: 00000057	B: 00000057	PC: 0000000d	SP: 00000000
A: 00000058	B: 00000057	PC: 0000000e	SP: 00000000
A: 00000005	B: 00000058	PC: 0000000f	SP: 00000000
A: 00000053	B: 00000058	PC: 00000010	SP: 00000000
A: 00000053	B: 00000058	PC: 00000011	SP: 00000000
A: 00000058	B: 00000053	PC: 00000012	SP: 00000000
A: 00000000	B: 00000053	PC: 00000013	SP: 00000000
A: 000000fc	B: 00000000	PC: 00000014	SP: 00000000
A: ffffff04	B: 00000000	PC: 00000015	SP: 00000000
A: ffffff04	B: 00000000	PC: 00000016	SP: 00000000
A: 00000058	B: ffffff04	PC: 00000017	SP: 00000000
A: 00000001	B: 00000058	PC: 00000018	SP: 00000000
A: 00000059	B: 00000058	PC: 00000019	SP: 00000000
A: 00000058	B: 00000058	PC: 0000001a	SP: 00000000
A: 00000058	B: 00000058	PC: 0000000d	SP: 00000000
A: 00000059	B: 00000058	PC: 0000000e	SP: 00000000
A: 00000005	B: 00000059	PC: 0000000f	SP: 00000000
A: 00000054	B: 00000059	PC: 00000010	SP: 00000000
A: 00000054	B: 00000059	PC: 00000011	SP: 00000000
A: 00000059	B: 00000054	PC: 00000012	SP: 00000000
A: 00000000	B: 00000054	PC: 00000013	SP: 00000000
A: 000000fc	B: 00000000	PC: 00000014	SP: 00000000
A: ffffff04	B: 00000000	PC: 00000015	SP: 00000000
A: ffffff04	B: 00000000	PC: 00000016	SP: 00000000
A: 00000059	B: ffffff04	PC: 00000017	SP: 00000000
A: 00000001	B: 00000059	PC: 00000018	SP: 00000000
A: 0000005a	B: 00000059	PC: 00000019	SP: 00000000
A: 00000059	B: 00000059	PC: 0000001a	SP: 00000000
A: 00000059	B: 00000059	PC: 0000000d	SP: 00000000
A: 0000005a	B: 00000059	PC: 0000000e	SP: 00000000
A: 00000005	B: 0000005a	PC: 0000000f	SP: 00000000
A: 00000055	B: 0000005a	PC: 00000010	SP: 00000000
A: 00000055	B: 0000005a	PC: 00000011	SP: 00000000
A: 0000005a	B: 00000055	PC: 00000012	SP: 00000000
A: 00000000	B: 00000055	PC: 00000013	SP: 00000000
A: 000000fc	B: 00000000	PC: 00000014	SP: 00000000
A: ffffff04	B: 00000000	PC: 00000015	SP: 00000000
A: ffffff04	B: 00000000	PC: 00000016	SP: 00000000
A: 0000005a	B: ffffff04	PC: 00000017	SP: 00000000
A: 00000001	B: 0000005a	PC: 00000018	SP: 00000000
A: 0000005b	B: 0000005a	PC: 00000019	SP: 00000000
A: 0000005a	B: 0000005a	PC: 0000001a	SP: 00000000
A: 0000005a	B: 0000005a	PC: 0000000d	SP: 00000000
A: 0000005b	B: 0000005a	PC: 0000000e	SP: 00000000
A: 00000005	B: 0000005b	PC: 0000000f	SP: 00000000
A: 00000056	B: 0000005b	PC: 00000010	SP: 00000000
A: 00000056	B: 0000005b	PC: 00000011	SP: 00000000
A: 0000005b	B: 00000056	PC: 00000012	SP: 00000000
A: 00000000	B: 00000056	PC: 00000013	SP: 00000000
A: 000000fc	B: 00000000	PC: 00000014	SP: 00000000
A: ffffff04	B: 00000000	PC: 00000015	SP: 00000000
A: ffffff04	B: 00000000	PC: 00000016	SP: 00000000
A: 0000005b	B: ffffff04	PC: 00000017	SP: 00000000
A: 00000001	B: 0000005b	PC: 00000018	SP: 00000000
A: 0000005c	B: 0000005b	PC: 00000019	SP: 00000000
A: 0000005b	B: 0000005b	PC: 0000001a	SP: 00000000
A: 0000005b	B: 0000005b	PC: 0000000d	SP: 00000000
A: 0000005c	B: 0000005b	PC: 0000000e	SP: 00000000
A: 00000005	B: 0000005c	PC: 0000000f	SP: 00000000
A: 00000057	B: 0000005c	PC: 00000010	SP: 00000000
A: 00000057	B: 0000005c	PC: 00000011	SP: 00000000
A: 0000005c	B: 00000057	PC: 00000012	SP: 00000000
A: 00000000	B: 00000057	PC: 00000013	SP: 00000000
A: 000000fc	B: 00000000	PC: 00000014	SP: 00000000
A: ffffff04	B: 00000000	PC: 00000015	SP: 00000000
A: ffffff04	B: 00000000	PC: 00000016	SP: 00000000
A: 0000005c	B: ffffff04	PC: 00000017	SP: 00000000
A: 00000001	B: 0000005c	PC: 00000018	SP: 00000000
A: 0000005d	B: 0000005c	PC: 00000019	SP: 00000000
A: 0000005c	B: 0000005c	PC: 0000001a	SP: 00000000
A: 0000005c	B: 0000005c	PC: 0000000d	SP: 00000000
A: 0000005d	B: 0000005c	PC: 0000000e	SP: 00000000
A: 00000005	B: 0000005d	PC: 0000000f	SP: 00000000
A: 00000058	B: 0000005d	PC: 00000010	SP: 00000000
A: 00000058	B: 0000005d	PC: 00000011	SP: 00000000
A: 0000005d	B: 00000058	PC: 00000012	SP: 00000000
A: 00000000	B: 00000058	PC: 00000013	SP: 00000000
A: 000000fc	B: 00000000	PC: 00000014	SP: 00000000
A: ffffff04	B: 00000000	PC: 00000015	SP: 00000000
A: ffffff04	B: 00000000	PC: 00000016	SP: 00000000
A: 0000005d	B: ffffff04	PC: 00000017	SP: 00000000
A: 00000001	B: 0000005d	PC: 00000018	SP: 00000000
A: 0000005e	B: 0000005d	PC: 00000019	SP: 00000000
A: 0000005d	B: 0000005d	PC: 0000001a	SP: 00000000
A: 0000005d	B: 0000005d	PC: 0000000d	SP: 00000000
A: 0000005e	B: 0000005d	PC: 0000000e	SP: 00000000
A: 00000005	B: 0000005e	PC: 0000000f	SP: 00000000
A: 00000059	B: 0000005e	PC: 00000010	SP: 00000000
A: 00000059	B: 0000005e	PC: 00000011	SP: 00000000
A: 0000005e	B: 00000059	PC: 00000012	SP: 00000000
A: 00000000	B: 00000059	PC: 00000013	SP: 00000000
A: 000000fc	B: 00000000	PC: 00000014	SP: 00000000
A: ffffff04	B: 00000000	PC: 00000015	SP: 00000000
A: ffffff04	B: 00000000	PC: 00000016	SP: 00000000
A: 0000005e	B: ffffff04	PC: 00000017	SP: 00000000
A: 00000001	B: 0000005e	PC: 00000018	SP: 00000000
A: 0000005f	B: 0000005e	PC: 00000019	SP: 00000000
A: 0000005e	B: 0000005e	PC: 0000001a	SP: 00000000
A: 0000005e	B: 0000005e	PC: 0000000d	SP: 00000000
A: 0000005f	B: 0000005e	PC: 0000000e	SP: 00000000
A: 00000005	B: 0000005f	PC: 0000000f	SP: 00000000
A: 0000005a	B: 0000005f	PC: 00000010	SP: 00000000
A: 0000005a	B: 0000005f	PC: 00000011	SP: 00000000
A: 0000005f	B: 0000005a	PC: 00000012	SP: 00000000
A: 00000000	B: 0000005a	PC: 00000013	SP: 00000000
A: 000000fc	B: 00000000	PC: 00000014	SP: 00000000
A: ffffff04	B: 00000000	PC: 00000015	SP: 00000000
A: ffffff04	B: 00000000	PC: 00000016	SP: 00000000
A: 0000005f	B: ffffff04	PC: 00000017	SP: 00000000
A: 00000001	B: 0000005f	PC: 00000018	SP: 00000000
A: 00000060	B: 0000005f	PC: 00000019	SP: 00000000
A: 0000005f	B: 0000005f	PC: 0000001a	SP: 00000000
A: 0000005f	B: 0000005f	PC: 0000000d	SP: 00000000
A: 00000060	B: 0000005f	PC: 0000000e	SP: 00000000
A: 00000005	B: 00000060	PC: 0000000f	SP: 00000000
A: 0000005b	B: 00000060	PC: 00000010	SP: 00000000
A: 0000005b	B: 00000060	PC: 00000011	SP: 00000000
A: 00000060	B: 0000005b	PC: 00000012	SP: 00000000
A: 00000000	B: 0000005b	PC: 00000013	SP: 00000000
A: 000000fc	B: 00000000	PC: 00000014	SP: 00000000
A: ffffff04	B: 00000000	PC: 00000015	SP: 00000000
A: ffffff04	B: 00000000	PC: 00000016	SP: 00000000
A: 00000060	B: ffffff04	PC: 00000017	SP: 00000000
A: 00000001	B: 00000060	PC: 00000018	SP: 00000000
A: 00000061	B: 00000060	PC: 00000019	SP: 00000000
A: 00000060	B: 00000060	PC: 0000001a	SP: 00000000
A: 00000060	B: 00000060	PC: 0000000d	SP: 00000000
A: 00000061	B: 00000060	PC: 0000000e	SP: 00000000
A: 00000005	B: 00000061	PC: 0000000f	SP: 00000000
A: 0000005c	B: 00000061	PC: 00000010	SP: 00000000
A: 0000005c	B: 00000061	PC: 00000011	SP: 00000000
A: 00000061	B: 0000005c	PC: 00000012	SP: 00000000
A: 00000000	B: 0000005c	PC: 00000013	SP: 00000000
A: 000000fc	B: 00000000	PC: 00000014	SP: 00000000
A: ffffff04	B: 00000000	PC: 00000015	SP: 00000000
A: ffffff04	B: 00000000	PC: 00000016	SP: 00000000
A: 00000061	B: ffffff04	PC: 00000017	SP: 00000000
A: 00000001	B: 00000061	PC: 00000018	SP: 00000000
A: 00000062	B: 00000061	PC: 00000019	SP: 00000000
A: 00000061	B: 00000061	PC: 0000001a	SP: 00000000
A: 00000061	B: 00000061	PC: 0000000d	SP: 00000000
A: 00000062	B: 00000061	PC: 0000000e	SP: 00000000
A: 00000005	B: 00000062	PC: 0000000f	SP: 00000000
A: 0000005d	B: 00000062	PC: 00000010	SP: 00000000
A: 0000005d	B: 00000062	PC: 00000011	SP: 00000000
A: 00000062	B: 0000005d	PC: 00000012	SP: 00000000
A: 00000000	B: 0000005d	PC: 00000013	SP: 00000000
A: 000000fc	B: 00000000	PC: 00000014	SP: 00000000
A: ffffff04	B: 00000000	PC: 00000015	SP: 00000000
A: ffffff04	B: 00000000	PC: 00000016	SP: 00000000
A: 00000062	B: ffffff04	PC: 00000017	SP: 00000000
A: 00000001	B: 00000062	PC: 00000018	SP: 00000000
A: 00000063	B: 00000062	PC: 00000019	SP: 00000000
A: 00000062	B: 00000062	PC: 0000001a	SP: 00000000
A: 00000062	B: 00000062	PC: 0000000d	SP: 00000000
A: 00000063	B: 00000062	PC: 0000000e	SP: 00000000
A: 00000005	B: 00000063	PC: 0000000f	SP: 00000000
A: 0000005e	B: 00000063	PC: 00000010	SP: 00000000
A: 0000005e	B: 00000063	PC: 00000011	SP: 00000000
A: 00000063	B: 0000005e	PC: 00000012	SP: 00000000
A: 00000000	B: 0000005e	PC: 00000013	SP: 00000000
A: 000000fc	B: 00000000	PC: 00000014	SP: 00000000
A: ffffff04	B: 00000000	PC: 00000015	SP: 00000000
A: ffffff04	B: 00000000	PC: 00000016	SP: 00000000
A: 00000063	B: ffffff04	PC: 00000017	SP: 00000000
A: 00000001	B: 00000063	PC: 00000018	SP: 00000000
A: 00000064	B: 00000063	PC: 00000019	SP: 00000000
A: 00000063	B: 00000063	PC: 0000001a	SP: 00000000
A: 00000063	B: 00000063	PC: 0000000d	SP: 00000000
A: 00000064	B: 00000063	PC: 0000000e	SP: 00000000
A: 00000005	B: 00000064	PC: 0000000f	SP: 00000000
A: 0000005f	B: 00000064	PC: 00000010	SP: 00000000
A: 0000005f	B: 00000064	PC: 00000011	SP: 00000000
A: 00000064	B: 0000005f	PC: 00000012	SP: 00000000
A: 000000fc	B: 0000005f	PC: 00000013	SP: 00000000
A: 000000fc	B: 000000fc	PC: 00000014	SP: 00000000
A: 00000000	B: 000000fc	PC: 00000015	SP: 00000000
A: 00000000	B: 000000fc	PC: 0000001b	SP: 00000000
A: 00000064	B: 00000000	PC: 0000001c	SP: 00000000
