A: 0000000b	B: 00000000	PC: 00000000	SP: 00000000
A: 00000000	B: 00000000	PC: 00000001	SP: 00000000
A: 00000015	B: 00000000	PC: 00000002	SP: 00000000
A: 00000000	B: 00000000	PC: 00000003	SP: 00000000
A: 0000001f	B: 00000000	PC: 00000004	SP: 00000000
A: 00000000	B: 00000000	PC: 00000005	SP: 00000000
A: 00000029	B: 00000000	PC: 00000006	SP: 00000000
A: 00000000	B: 00000000	PC: 00000007	SP: 00000000
A: 00000001	B: 00000000	PC: 00000008	SP: 00000000
A: 00000000	B: 00000000	PC: 00000009	SP: 00000000
A: 00000001	B: 00000000	PC: 0000000a	SP: 00000000
A: 00000000	B: 00000000	PC: 0000000b	SP: 00000000
A: 00000005	B: 00000000	PC: 0000000c	SP: 00000000
A: 00000000	B: 00000000	PC: 0000000d	SP: 00000000
A: 00000000	B: 00000000	PC: 0000000e	SP: 00000000
A: 00000000	B: 00000000	PC: 0000000f	SP: 00000000
A: 00000001	B: 00000000	PC: 00000010	SP: 00000000
A: 00000005	B: 00000001	PC: 00000011	SP: 00000000
A: fffffffc	B: 00000001	PC: 00000012	SP: 00000000
A: fffffffc	B: 00000001	PC: 00000014	SP: 00000000
A: 00000001	B: fffffffc	PC: 00000015	SP: 00000000
A: 00000005	B: 00000001	PC: 00000016	SP: 00000000
A: fffffffc	B: 00000001	PC: 00000017	SP: 00000000
A: fffffffc	B: 00000001	PC: 00000019	SP: 00000000
A: 00000001	B: fffffffc	PC: 0000001a	SP: 00000000
A: 00000001	B: 00000001	PC: 0000001b	SP: 00000000
A: 00000002	B: 00000001	PC: 0000001c	SP: 00000000
A: 00000001	B: 00000001	PC: 0000001d	SP: 00000000
A: 00000002	B: 00000001	PC: 0000001e	SP: 00000000
A: 0000000b	B: 00000001	PC: 0000001f	SP: 00000000
A: 00000002	B: 0000000b	PC: 00000020	SP: 00000000
A: 00000015	B: 0000000b	PC: 00000021	SP: 00000000
A: fffffff6	B: 0000000b	PC: 00000022	SP: 00000000
A: fffffff6	B: 0000000b	PC: 00000024	SP: 00000000
A: 00000002	B: fffffff6	PC: 00000025	SP: 00000000
A: 0000000b	B: fffffff6	PC: 00000026	SP: 00000000
A: fffffff6	B: fffffff6	PC: 00000027	SP: 00000000
A: 00000002	B: fffffff6	PC: 00000028	SP: 00000000
A: 00000015	B: fffffff6	PC: 00000029	SP: 00000000
A: 00000002	B: 00000015	PC: 0000002a	SP: 00000000
A: 00000002	B: 00000015	PC: 0000002b	SP: 00000000
A: 0000000b	B: 00000002	PC: 0000002c	SP: 00000000
A: 00000002	B: 0000000b	PC: 0000002d	SP: 00000000
A: 00000002	B: 0000000b	PC: 0000002e	SP: 00000000
A: 00000002	B: 0000000b	PC: 00000014	SP: 00000000
A: 00000002	B: 00000002	PC: 00000015	SP: 00000000
A: 00000005	B: 00000002	PC: 00000016	SP: 00000000
A: fffffffd	B: 00000002	PC: 00000017	SP: 00000000
A: fffffffd	B: 00000002	PC: 00000019	SP: 00000000
A: 00000002	B: fffffffd	PC: 0000001a	SP: 00000000
A: 00000001	B: 00000002	PC: 0000001b	SP: 00000000
A: 00000003	B: 00000002	PC: 0000001c	SP: 00000000
A: 00000002	B: 00000002	PC: 0000001d	SP: 00000000
A: 00000003	B: 00000002	PC: 0000001e	SP: 00000000
A: 0000000b	B: 00000002	PC: 0000001f	SP: 00000000
A: 00000003	B: 0000000b	PC: 00000020	SP: 00000000
A: 0000001f	B: 0000000b	PC: 00000021	SP: 00000000
A: ffffffec	B: 0000000b	PC: 00000022	SP: 00000000
A: ffffffec	B: 0000000b	PC: 00000024	SP: 00000000
A: 00000003	B: ffffffec	PC: 00000025	SP: 00000000
A: 0000000b	B: ffffffec	PC: 00000026	SP: 00000000
A: ffffffec	B: ffffffec	PC: 00000027	SP: 00000000
A: 00000003	B: ffffffec	PC: 00000028	SP: 00000000
A: 0000001f	B: ffffffec	PC: 00000029	SP: 00000000
A: 00000003	B: 0000001f	PC: 0000002a	SP: 00000000
A: 00000003	B: 0000001f	PC: 0000002b	SP: 00000000
A: 0000000b	B: 00000003	PC: 0000002c	SP: 00000000
A: 00000003	B: 0000000b	PC: 0000002d	SP: 00000000
A: 00000003	B: 0000000b	PC: 0000002e	SP: 00000000
A: 00000003	B: 0000000b	PC: 00000014	SP: 00000000
A: 00000003	B: 00000003	PC: 00000015	SP: 00000000
A: 00000005	B: 00000003	PC: 00000016	SP: 00000000
A: fffffffe	B: 00000003	PC: 00000017	SP: 00000000
A: fffffffe	B: 00000003	PC: 00000019	SP: 00000000
A: 00000003	B: fffffffe	PC: 0000001a	SP: 00000000
A: 00000001	B: 00000003	PC: 0000001b	SP: 00000000
A: 00000004	B: 00000003	PC: 0000001c	SP: 00000000
A: 00000003	B: 00000003	PC: 0000001d	SP: 00000000
A: 00000004	B: 00000003	PC: 0000001e	SP: 00000000
A: 0000000b	B: 00000003	PC: 0000001f	SP: 00000000
A: 00000004	B: 0000000b	PC: 00000020	SP: 00000000
A: 00000029	B: 0000000b	PC: 00000021	SP: 00000000
A: ffffffe2	B: 0000000b	PC: 00000022	SP: 00000000
A: ffffffe2	B: 0000000b	PC: 00000024	SP: 00000000
A: 00000004	B: ffffffe2	PC: 00000025	SP: 00000000
A: 0000000b	B: ffffffe2	PC: 00000026	SP: 00000000
A: ffffffe2	B: ffffffe2	PC: 00000027	SP: 00000000
A: 00000004	B: ffffffe2	PC: 00000028	SP: 00000000
A: 00000029	B: ffffffe2	PC: 00000029	SP: 00000000
A: 00000004	B: 00000029	PC: 0000002a	SP: 00000000
A: 00000004	B: 00000029	PC: 0000002b	SP: 00000000
A: 0000000b	B: 00000004	PC: 0000002c	SP: 00000000
A: 00000004	B: 0000000b	PC: 0000002d	SP: 00000000
A: 00000004	B: 0000000b	PC: 0000002e	SP: 00000000
A: 00000004	B: 0000000b	PC: 00000014	SP: 00000000
A: 00000004	B: 00000004	PC: 00000015	SP: 00000000
A: 00000005	B: 00000004	PC: 00000016	SP: 00000000
A: ffffffff	B: 00000004	PC: 00000017	SP: 00000000
A: ffffffff	B: 00000004	PC: 00000019	SP: 00000000
A: 00000004	B: ffffffff	PC: 0000001a	SP: 00000000
A: 00000001	B: 00000004	PC: 0000001b	SP: 00000000
A: 00000005	B: 00000004	PC: 0000001c	SP: 00000000
A: 00000004	B: 00000004	PC: 0000001d	SP: 00000000
A: 00000005	B: 00000004	PC: 0000001e	SP: 00000000
A: 0000000b	B: 00000004	PC: 0000001f	SP: 00000000
A: 00000005	B: 0000000b	PC: 00000020	SP: 00000000
A: 00000000	B: 0000000b	PC: 00000021	SP: 00000000
A: 0000000b	B: 0000000b	PC: 00000022	SP: 00000000
A: 0000000b	B: 0000000b	PC: 00000023	SP: 00000000
A: 0000000b	B: 0000000b	PC: 00000014	SP: 00000000
A: 00000005	B: 0000000b	PC: 00000015	SP: 00000000
A: 00000005	B: 00000005	PC: 00000016	SP: 00000000
A: 00000000	B: 00000005	PC: 00000017	SP: 00000000
A: 00000000	B: 00000005	PC: 00000018	SP: 00000000
A: 00000000	B: 00000005	PC: 0000002f	SP: 00000000
A: 00000001	B: 00000000	PC: 00000030	SP: 00000000
A: 00000000	B: 00000000	PC: 00000031	SP: 00000000
A: 00000001	B: 00000000	PC: 00000032	SP: 00000000
A: 00000001	B: 00000001	PC: 00000033	SP: 00000000
A: 00000002	B: 00000001	PC: 00000034	SP: 00000000
A: 00000001	B: 00000001	PC: 00000035	SP: 00000000
A: 00000001	B: 00000001	PC: 0000000f	SP: 00000000
A: 00000002	B: 00000001	PC: 00000010	SP: 00000000
A: 00000005	B: 00000002	PC: 00000011	SP: 00000000
A: fffffffd	B: 00000002	PC: 00000012	SP: 00000000
A: fffffffd	B: 00000002	PC: 00000014	SP: 00000000
A: 00000001	B: fffffffd	PC: 00000015	SP: 00000000
A: 00000005	B: 00000001	PC: 00000016	SP: 00000000
A: fffffffc	B: 00000001	PC: 00000017	SP: 00000000
A: fffffffc	B: 00000001	PC: 00000019	SP: 00000000
A: 00000001	B: fffffffc	PC: 0000001a	SP: 00000000
A: 00000001	B: 00000001	PC: 0000001b	SP: 00000000
A: 00000002	B: 00000001	PC: 0000001c	SP: 00000000
A: 00000001	B: 00000001	PC: 0000001d	SP: 00000000
A: 00000002	B: 00000001	PC: 0000001e	SP: 00000000
A: 00000015	B: 00000001	PC: 0000001f	SP: 00000000
A: 00000002	B: 00000015	PC: 00000020	SP: 00000000
A: 0000001f	B: 00000015	PC: 00000021	SP: 00000000
A: fffffff6	B: 00000015	PC: 00000022	SP: 00000000
A: fffffff6	B: 00000015	PC: 00000024	SP: 00000000
A: 00000002	B: fffffff6	PC: 00000025	SP: 00000000
A: 00000015	B: fffffff6	PC: 00000026	SP: 00000000
A: fffffff6	B: fffffff6	PC: 00000027	SP: 00000000
A: 00000002	B: fffffff6	PC: 00000028	SP: 00000000
A: 0000001f	B: fffffff6	PC: 00000029	SP: 00000000
A: 00000002	B: 0000001f	PC: 0000002a	SP: 00000000
A: 00000002	B: 0000001f	PC: 0000002b	SP: 00000000
A: 00000015	B: 00000002	PC: 0000002c	SP: 00000000
A: 00000002	B: 00000015	PC: 0000002d	SP: 00000000
A: 00000002	B: 00000015	PC: 0000002e	SP: 00000000
A: 00000002	B: 00000015	PC: 00000014	SP: 00000000
A: 00000002	B: 00000002	PC: 00000015	SP: 00000000
A: 00000005	B: 00000002	PC: 00000016	SP: 00000000
A: fffffffd	B: 00000002	PC: 00000017	SP: 00000000
A: fffffffd	B: 00000002	PC: 00000019	SP: 00000000
A: 00000002	B: fffffffd	PC: 0000001a	SP: 00000000
A: 00000001	B: 00000002	PC: 0000001b	SP: 00000000
A: 00000003	B: 00000002	PC: 0000001c	SP: 00000000
A: 00000002	B: 00000002	PC: 0000001d	SP: 00000000
A: 00000003	B: 00000002	PC: 0000001e	SP: 00000000
A: 00000015	B: 00000002	PC: 0000001f	SP: 00000000
A: 00000003	B: 00000015	PC: 00000020	SP: 00000000
A: 00000029	B: 00000015	PC: 00000021	SP: 00000000
A: ffffffec	B: 00000015	PC: 00000022	SP: 00000000
A: ffffffec	B: 00000015	PC: 00000024	SP: 00000000
A: 00000003	B: ffffffec	PC: 00000025	SP: 00000000
A: 00000015	B: ffffffec	PC: 00000026	SP: 00000000
A: ffffffec	B: ffffffec	PC: 00000027	SP: 00000000
A: 00000003	B: ffffffec	PC: 00000028	SP: 00000000
A: 00000029	B: ffffffec	PC: 00000029	SP: 00000000
A: 00000003	B: 00000029	PC: 0000002a	SP: 00000000
A: 00000003	B: 00000029	PC: 0000002b	SP: 00000000
A: 00000015	B: 00000003	PC: 0000002c	SP: 00000000
A: 00000003	B: 00000015	PC: 0000002d	SP: 00000000
A: 00000003	B: 00000015	PC: 0000002e	SP: 00000000
A: 00000003	B: 00000015	PC: 00000014	SP: 00000000
A: 00000003	B: 00000003	PC: 00000015	SP: 00000000
A: 00000005	B: 00000003	PC: 00000016	SP: 00000000
A: fffffffe	B: 00000003	PC: 00000017	SP: 00000000
A: fffffffe	B: 00000003	PC: 00000019	SP: 00000000
A: 00000003	B: fffffffe	PC: 0000001a	SP: 00000000
A: 00000001	B: 00000003	PC: 0000001b	SP: 00000000
A: 00000004	B: 00000003	PC: 0000001c	SP: 00000000
A: 00000003	B: 00000003	PC: 0000001d	SP: 00000000
A: 00000004	B: 00000003	PC: 0000001e	SP: 00000000
A: 00000015	B: 00000003	PC: 0000001f	SP: 00000000
A: 00000004	B: 00000015	PC: 00000020	SP: 00000000
A: 0000000b	B: 00000015	PC: 00000021	SP: 00000000
A: 0000000a	B: 00000015	PC: 00000022	SP: 00000000
A: 0000000a	B: 00000015	PC: 00000023	SP: 00000000
A: 0000000a	B: 00000015	PC: 00000014	SP: 00000000
A: 00000004	B: 0000000a	PC: 00000015	SP: 00000000
A: 00000005	B: 00000004	PC: 00000016	SP: 00000000
A: ffffffff	B: 00000004	PC: 00000017	SP: 00000000
A: ffffffff	B: 00000004	PC: 00000019	SP: 00000000
A: 00000004	B: ffffffff	PC: 0000001a	SP: 00000000
A: 00000001	B: 00000004	PC: 0000001b	SP: 00000000
A: 00000005	B: 00000004	PC: 0000001c	SP: 00000000
A: 00000004	B: 00000004	PC: 0000001d	SP: 00000000
A: 00000005	B: 00000004	PC: 0000001e	SP: 00000000
A: 0000000b	B: 00000004	PC: 0000001f	SP: 00000000
A: 00000005	B: 0000000b	PC: 00000020	SP: 00000000
A: 00000000	B: 0000000b	PC: 00000021	SP: 00000000
A: 0000000b	B: 0000000b	PC: 00000022	SP: 00000000
A: 0000000b	B: 0000000b	PC: 00000023	SP: 00000000
A: 0000000b	B: 0000000b	PC: 00000014	SP: 00000000
A: 00000005	B: 0000000b	PC: 00000015	SP: 00000000
A: 00000005	B: 00000005	PC: 00000016	SP: 00000000
A: 00000000	B: 00000005	PC: 00000017	SP: 00000000
A: 00000000	B: 00000005	PC: 00000018	SP: 00000000
A: 00000000	B: 00000005	PC: 0000002f	SP: 00000000
A: 00000001	B: 00000000	PC: 00000030	SP: 00000000
A: 00000000	B: 00000000	PC: 00000031	SP: 00000000
A: 00000002	B: 00000000	PC: 00000032	SP: 00000000
A: 00000001	B: 00000002	PC: 00000033	SP: 00000000
A: 00000003	B: 00000002	PC: 00000034	SP: 00000000
A: 00000002	B: 00000002	PC: 00000035	SP: 00000000
A: 00000002	B: 00000002	PC: 0000000f	SP: 00000000
A: 00000003	B: 00000002	PC: 00000010	SP: 00000000
A: 00000005	B: 00000003	PC: 00000011	SP: 00000000
A: fffffffe	B: 00000003	PC: 00000012	SP: 00000000
A: fffffffe	B: 00000003	PC: 00000014	SP: 00000000
A: 00000001	B: fffffffe	PC: 00000015	SP: 00000000
A: 00000005	B: 00000001	PC: 00000016	SP: 00000000
A: fffffffc	B: 00000001	PC: 00000017	SP: 00000000
A: fffffffc	B: 00000001	PC: 00000019	SP: 00000000
A: 00000001	B: fffffffc	PC: 0000001a	SP: 00000000
A: 00000001	B: 00000001	PC: 0000001b	SP: 00000000
A: 00000002	B: 00000001	PC: 0000001c	SP: 00000000
A: 00000001	B: 00000001	PC: 0000001d	SP: 00000000
A: 00000002	B: 00000001	PC: 0000001e	SP: 00000000
A: 0000001f	B: 00000001	PC: 0000001f	SP: 00000000
A: 00000002	B: 0000001f	PC: 00000020	SP: 00000000
A: 00000029	B: 0000001f	PC: 00000021	SP: 00000000
A: fffffff6	B: 0000001f	PC: 00000022	SP: 00000000
A: fffffff6	B: 0000001f	PC: 00000024	SP: 00000000
A: 00000002	B: fffffff6	PC: 00000025	SP: 00000000
A: 0000001f	B: fffffff6	PC: 00000026	SP: 00000000
A: fffffff6	B: fffffff6	PC: 00000027	SP: 00000000
A: 00000002	B: fffffff6	PC: 00000028	SP: 00000000
A: 00000029	B: fffffff6	PC: 00000029	SP: 00000000
A: 00000002	B: 00000029	PC: 0000002a	SP: 00000000
A: 00000002	B: 00000029	PC: 0000002b	SP: 00000000
A: 0000001f	B: 00000002	PC: 0000002c	SP: 00000000
A: 00000002	B: 0000001f	PC: 0000002d	SP: 00000000
A: 00000002	B: 0000001f	PC: 0000002e	SP: 00000000
A: 00000002	B: 0000001f	PC: 00000014	SP: 00000000
A: 00000002	B: 00000002	PC: 00000015	SP: 00000000
A: 00000005	B: 00000002	PC: 00000016	SP: 00000000
A: fffffffd	B: 00000002	PC: 00000017	SP: 00000000
A: fffffffd	B: 00000002	PC: 00000019	SP: 00000000
A: 00000002	B: fffffffd	PC: 0000001a	SP: 00000000
A: 00000001	B: 00000002	PC: 0000001b	SP: 00000000
A: 00000003	B: 00000002	PC: 0000001c	SP: 00000000
A: 00000002	B: 00000002	PC: 0000001d	SP: 00000000
A: 00000003	B: 00000002	PC: 0000001e	SP: 00000000
A: 0000001f	B: 00000002	PC: 0000001f	SP: 00000000
A: 00000003	B: 0000001f	PC: 00000020	SP: 00000000
A: 00000015	B: 0000001f	PC: 00000021	SP: 00000000
A: 0000000a	B: 0000001f	PC: 00000022	SP: 00000000
A: 0000000a	B: 0000001f	PC: 00000023	SP: 00000000
A: 0000000a	B: 0000001f	PC: 00000014	SP: 00000000
A: 00000003	B: 0000000a	PC: 00000015	SP: 00000000
A: 00000005	B: 00000003	PC: 00000016	SP: 00000000
A: fffffffe	B: 00000003	PC: 00000017	SP: 00000000
A: fffffffe	B: 00000003	PC: 00000019	SP: 00000000
A: 00000003	B: fffffffe	PC: 0000001a	SP: 00000000
A: 00000001	B: 00000003	PC: 0000001b	SP: 00000000
A: 00000004	B: 00000003	PC: 0000001c	SP: 00000000
A: 00000003	B: 00000003	PC: 0000001d	SP: 00000000
A: 00000004	B: 00000003	PC: 0000001e	SP: 00000000
A: 00000015	B: 00000003	PC: 0000001f	SP: 00000000
A: 00000004	B: 00000015	PC: 00000020	SP: 00000000
A: 0000000b	B: 00000015	PC: 00000021	SP: 00000000
A: 0000000a	B: 00000015	PC: 00000022	SP: 00000000
A: 0000000a	B: 00000015	PC: 00000023	SP: 00000000
A: 0000000a	B: 00000015	PC: 00000014	SP: 00000000
A: 00000004	B: 0000000a	PC: 00000015	SP: 00000000
A: 00000005	B: 00000004	PC: 00000016	SP: 00000000
A: ffffffff	B: 00000004	PC: 00000017	SP: 00000000
A: ffffffff	B: 00000004	PC: 00000019	SP: 00000000
A: 00000004	B: ffffffff	PC: 0000001a	SP: 00000000
A: 00000001	B: 00000004	PC: 0000001b	SP: 00000000
A: 00000005	B: 00000004	PC: 0000001c	SP: 00000000
A: 00000004	B: 00000004	PC: 0000001d	SP: 00000000
A: 00000005	B: 00000004	PC: 0000001e	SP: 00000000
A: 0000000b	B: 00000004	PC: 0000001f	SP: 00000000
A: 00000005	B: 0000000b	PC: 00000020	SP: 00000000
A: 00000000	B: 0000000b	PC: 00000021	SP: 00000000
A: 0000000b	B: 0000000b	PC: 00000022	SP: 00000000
A: 0000000b	B: 0000000b	PC: 00000023	SP: 00000000
A: 0000000b	B: 0000000b	PC: 00000014	SP: 00000000
A: 00000005	B: 0000000b	PC: 00000015	SP: 00000000
A: 00000005	B: 00000005	PC: 00000016	SP: 00000000
A: 00000000	B: 00000005	PC: 00000017	SP: 00000000
A: 00000000	B: 00000005	PC: 00000018	SP: 00000000
A: 00000000	B: 00000005	PC: 0000002f	SP: 00000000
A: 00000001	B: 00000000	PC: 00000030	SP: 00000000
A: 00000000	B: 00000000	PC: 00000031	SP: 00000000
A: 00000003	B: 00000000	PC: 00000032	SP: 00000000
A: 00000001	B: 00000003	PC: 00000033	SP: 00000000
A: 00000004	B: 00000003	PC: 00000034	SP: 00000000
A: 00000003	B: 00000003	PC: 00000035	SP: 00000000
A: 00000003	B: 00000003	PC: 0000000f	SP: 00000000
A: 00000004	B: 00000003	PC: 00000010	SP: 00000000
A: 00000005	B: 00000004	PC: 00000011	SP: 00000000
A: ffffffff	B: 00000004	PC: 00000012	SP: 00000000
A: ffffffff	B: 00000004	PC: 00000014	SP: 00000000
A: 00000001	B: ffffffff	PC: 00000015	SP: 00000000
A: 00000005	B: 00000001	PC: 00000016	SP: 00000000
A: fffffffc	B: 00000001	PC: 00000017	SP: 00000000
A: fffffffc	B: 00000001	PC: 00000019	SP: 00000000
A: 00000001	B: fffffffc	PC: 0000001a	SP: 00000000
A: 00000001	B: 00000001	PC: 0000001b	SP: 00000000
A: 00000002	B: 00000001	PC: 0000001c	SP: 00000000
A: 00000001	B: 00000001	PC: 0000001d	SP: 00000000
A: 00000002	B: 00000001	PC: 0000001e	SP: 00000000
A: 00000029	B: 00000001	PC: 0000001f	SP: 00000000
A: 00000002	B: 00000029	PC: 00000020	SP: 00000000
A: 0000001f	B: 00000029	PC: 00000021	SP: 00000000
A: 0000000a	B: 00000029	PC: 00000022	SP: 00000000
A: 0000000a	B: 00000029	PC: 00000023	SP: 00000000
A: 0000000a	B: 00000029	PC: 00000014	SP: 00000000
A: 00000002	B: 0000000a	PC: 00000015	SP: 00000000
A: 00000005	B: 00000002	PC: 00000016	SP: 00000000
A: fffffffd	B: 00000002	PC: 00000017	SP: 00000000
A: fffffffd	B: 00000002	PC: 00000019	SP: 00000000
A: 00000002	B: fffffffd	PC: 0000001a	SP: 00000000
A: 00000001	B: 00000002	PC: 0000001b	SP: 00000000
A: 00000003	B: 00000002	PC: 0000001c	SP: 00000000
A: 00000002	B: 00000002	PC: 0000001d	SP: 00000000
A: 00000003	B: 00000002	PC: 0000001e	SP: 00000000
A: 0000001f	B: 00000002	PC: 0000001f	SP: 00000000
A: 00000003	B: 0000001f	PC: 00000020	SP: 00000000
A: 00000015	B: 0000001f	PC: 00000021	SP: 00000000
A: 0000000a	B: 0000001f	PC: 00000022	SP: 00000000
A: 0000000a	B: 0000001f	PC: 00000023	SP: 00000000
A: 0000000a	B: 0000001f	PC: 00000014	SP: 00000000
A: 00000003	B: 0000000a	PC: 00000015	SP: 00000000
A: 00000005	B: 00000003	PC: 00000016	SP: 00000000
A: fffffffe	B: 00000003	PC: 00000017	SP: 00000000
A: fffffffe	B: 00000003	PC: 00000019	SP: 00000000
A: 00000003	B: fffffffe	PC: 0000001a	SP: 00000000
A: 00000001	B: 00000003	PC: 0000001b	SP: 00000000
A: 00000004	B: 00000003	PC: 0000001c	SP: 00000000
A: 00000003	B: 00000003	PC: 0000001d	SP: 00000000
A: 00000004	B: 00000003	PC: 0000001e	SP: 00000000
A: 00000015	B: 00000003	PC: 0000001f	SP: 00000000
A: 00000004	B: 00000015	PC: 00000020	SP: 00000000
A: 0000000b	B: 00000015	PC: 00000021	SP: 00000000
A: 0000000a	B: 00000015	PC: 00000022	SP: 00000000
A: 0000000a	B: 00000015	PC: 00000023	SP: 00000000
A: 0000000a	B: 00000015	PC: 00000014	SP: 00000000
A: 00000004	B: 0000000a	PC: 00000015	SP: 00000000
A: 00000005	B: 00000004	PC: 00000016	SP: 00000000
A: ffffffff	B: 00000004	PC: 00000017	SP: 00000000
A: ffffffff	B: 00000004	PC: 00000019	SP: 00000000
A: 00000004	B: ffffffff	PC: 0000001a	SP: 00000000
A: 00000001	B: 00000004	PC: 0000001b	SP: 00000000
A: 00000005	B: 00000004	PC: 0000001c	SP: 00000000
A: 00000004	B: 00000004	PC: 0000001d	SP: 00000000
A: 00000005	B: 00000004	PC: 0000001e	SP: 00000000
A: 0000000b	B: 00000004	PC: 0000001f	SP: 00000000
A: 00000005	B: 0000000b	PC: 00000020	SP: 00000000
A: 00000000	B: 0000000b	PC: 00000021	SP: 00000000
A: 0000000b	B: 0000000b	PC: 00000022	SP: 00000000
A: 0000000b	B: 0000000b	PC: 00000023	SP: 00000000
A: 0000000b	B: 0000000b	PC: 00000014	SP: 00000000
A: 00000005	B: 0000000b	PC: 00000015	SP: 00000000
A: 00000005	B: 00000005	PC: 00000016	SP: 00000000
A: 00000000	B: 00000005	PC: 00000017	SP: 00000000
A: 00000000	B: 00000005	PC: 00000018	SP: 00000000
A: 00000000	B: 00000005	PC: 0000002f	SP: 00000000
A: 00000001	B: 00000000	PC: 00000030	SP: 00000000
A: 00000000	B: 00000000	PC: 00000031	SP: 00000000
A: 00000004	B: 00000000	PC: 00000032	SP: 00000000
A: 00000001	B: 00000004	PC: 00000033	SP: 00000000
A: 00000005	B: 00000004	PC: 00000034	SP: 00000000
A: 00000004	B: 00000004	PC: 00000035	SP: 00000000
A: 00000004	B: 00000004	PC: 0000000f	SP: 00000000
A: 00000005	B: 00000004	PC: 00000010	SP: 00000000
A: 00000005	B: 00000005	PC: 00000011	SP: 00000000
A: 00000000	B: 00000005	PC: 00000012	SP: 00000000
A: 00000000	B: 00000005	PC: 00000013	SP: 00000000
A: 00000000	B: 00000005	PC: 00000036	SP: 00000000
A: 00000029	B: 00000000	PC: 00000037	SP: 00000000
A: 0000001f	B: 00000029	PC: 00000038	SP: 00000000
A: 00000015	B: 0000001f	PC: 00000039	SP: 00000000
A: 0000000b	B: 00000015	PC: 0000003a	SP: 00000000
